#
# There is insufficient memory for the Java Runtime Environment to continue.
# Native memory allocation (malloc) failed to allocate 513760 bytes. Error detail: Chunk::new
# Possible reasons:
#   The system is out of physical RAM or swap space
#   This process is running with CompressedOops enabled, and the Java Heap may be blocking the growth of the native heap
# Possible solutions:
#   Reduce memory load on the system
#   Increase physical memory or swap space
#   Check if swap backing store is full
#   Decrease Java heap size (-Xmx/-Xms)
#   Decrease number of Java threads
#   Decrease Java thread stack sizes (-Xss)
#   Set larger code cache with -XX:ReservedCodeCacheSize=
#   JVM is running with Unscaled Compressed Oops mode in which the Java heap is
#     placed in the first 4GB address space. The Java Heap base address is the
#     maximum limit for the native heap growth. Please use -XX:HeapBaseMinAddress
#     to set the Java Heap base and to place the Java Heap above 4GB virtual address.
# This output file may be truncated or incomplete.
#
#  Out of Memory Error (arena.cpp:168), pid=6964, tid=4080
#
# JRE version: OpenJDK Runtime Environment Temurin-21.0.7+6 (21.0.7+6) (build 21.0.7+6-LTS)
# Java VM: OpenJDK 64-Bit Server VM Temurin-21.0.7+6 (21.0.7+6-LTS, mixed mode, sharing, tiered, compressed oops, compressed class ptrs, parallel gc, windows-amd64)
# No core dump will be written. Minidumps are not enabled by default on client versions of Windows
#

---------------  S U M M A R Y ------------

Command Line: --add-modules=ALL-SYSTEM --add-opens=java.base/java.util=ALL-UNNAMED --add-opens=java.base/java.lang=ALL-UNNAMED --add-opens=java.base/sun.nio.fs=ALL-UNNAMED -Declipse.application=org.eclipse.jdt.ls.core.id1 -Dosgi.bundles.defaultStartLevel=4 -Declipse.product=org.eclipse.jdt.ls.core.product -Djava.import.generatesMetadataFilesAtProjectRoot=false -DDetectVMInstallationsJob.disabled=true -Dfile.encoding=utf8 -XX:+UseParallelGC -XX:GCTimeRatio=4 -XX:AdaptiveSizePolicyWeight=90 -Dsun.zip.disableMemoryMapping=true -Xmx2G -Xms100m -Xlog:disable -javaagent:c:\Users\Dilmina\.vscode\extensions\redhat.java-1.43.1-win32-x64\lombok\lombok-1.18.39-4050.jar -XX:+HeapDumpOnOutOfMemoryError -XX:HeapDumpPath=c:\Users\Dilmina\AppData\Roaming\Code\User\workspaceStorage\3c79a4fafc384556b717170e4ebc356c\redhat.java -Daether.dependencyCollector.impl=bf c:\Users\Dilmina\.vscode\extensions\redhat.java-1.43.1-win32-x64\server\plugins\org.eclipse.equinox.launcher_1.7.0.v20250519-0528.jar -configuration c:\Users\Dilmina\AppData\Roaming\Code\User\globalStorage\redhat.java\1.43.1\config_win -data c:\Users\Dilmina\AppData\Roaming\Code\User\workspaceStorage\3c79a4fafc384556b717170e4ebc356c\redhat.java\jdt_ws --pipe=\\.\pipe\lsp-4dc317b006b6700c61893f5b15a282ea-sock

Host: 12th Gen Intel(R) Core(TM) i5-12450H, 12 cores, 7G,  Windows 11 , 64 bit Build 26100 (10.0.26100.4484)
Time: Fri Aug  1 00:49:01 2025 Sri Lanka Standard Time elapsed time: 40.329978 seconds (0d 0h 0m 40s)

---------------  T H R E A D  ---------------

Current thread (0x0000029a77817750):  JavaThread "C2 CompilerThread0" daemon [_thread_in_native, id=4080, stack(0x000000ecef700000,0x000000ecef800000) (1024K)]


Current CompileTask:
C2:40330 7782   !   4       org.eclipse.jdt.internal.core.search.indexing.BinaryIndexer::toUri (51 bytes)

Stack: [0x000000ecef700000,0x000000ecef800000]
Native frames: (J=compiled Java code, j=interpreted, Vv=VM code, C=native code)
V  [jvm.dll+0x6ce119]
V  [jvm.dll+0x8a84a1]
V  [jvm.dll+0x8aa9ce]
V  [jvm.dll+0x8ab0b3]
V  [jvm.dll+0x27f8a6]
V  [jvm.dll+0xc507d]
V  [jvm.dll+0xc55b3]
V  [jvm.dll+0x3b692c]
V  [jvm.dll+0x1e0029]
V  [jvm.dll+0x247c42]
V  [jvm.dll+0x2470cf]
V  [jvm.dll+0x1c760e]
V  [jvm.dll+0x25695a]
V  [jvm.dll+0x254efa]
V  [jvm.dll+0x3f03f6]
V  [jvm.dll+0x851f6b]
V  [jvm.dll+0x6cc7dd]
C  [ucrtbase.dll+0x37b0]
C  [KERNEL32.DLL+0x2e8d7]
C  [ntdll.dll+0x3c34c]


---------------  P R O C E S S  ---------------

Threads class SMR info:
_java_thread_list=0x0000029a56853f30, length=48, elements={
0x0000029a7775b510, 0x0000029a7770db30, 0x0000029a778013f0, 0x0000029a77806270,
0x0000029a77807c80, 0x0000029a7780ba80, 0x0000029a77811f10, 0x0000029a77817750,
0x0000029a7781ab50, 0x0000029a50578270, 0x0000029a50671970, 0x0000029a51bc5e70,
0x0000029a56020410, 0x0000029a50593aa0, 0x0000029a51ad7b70, 0x0000029a519eaf00,
0x0000029a566283a0, 0x0000029a56365a60, 0x0000029a56366780, 0x0000029a56366e10,
0x0000029a563653d0, 0x0000029a56364d40, 0x0000029a56d0ef90, 0x0000029a56364020,
0x0000029a577a0320, 0x0000029a5779f600, 0x0000029a5779ef70, 0x0000029a5779fc90,
0x0000029a577a3e30, 0x0000029a577a09b0, 0x0000029a577a23f0, 0x0000029a577a44c0,
0x0000029a577a2a80, 0x0000029a577a16d0, 0x0000029a577a37a0, 0x0000029a577a3110,
0x0000029a577a1d60, 0x0000029a577a1040, 0x0000029a577a4b50, 0x0000029a577a51e0,
0x0000029a577a5870, 0x0000029a577a5f00, 0x0000029a577a6590, 0x0000029a58fd3ca0,
0x0000029a58fd56e0, 0x0000029a58fd4330, 0x0000029a58fd77b0, 0x0000029a57c2d440
}

Java Threads: ( => current thread )
  0x0000029a7775b510 JavaThread "main"                              [_thread_blocked, id=8268, stack(0x000000eceed00000,0x000000eceee00000) (1024K)]
  0x0000029a7770db30 JavaThread "Reference Handler"          daemon [_thread_blocked, id=16552, stack(0x000000ecef100000,0x000000ecef200000) (1024K)]
  0x0000029a778013f0 JavaThread "Finalizer"                  daemon [_thread_blocked, id=19256, stack(0x000000ecef200000,0x000000ecef300000) (1024K)]
  0x0000029a77806270 JavaThread "Signal Dispatcher"          daemon [_thread_blocked, id=20840, stack(0x000000ecef300000,0x000000ecef400000) (1024K)]
  0x0000029a77807c80 JavaThread "Attach Listener"            daemon [_thread_blocked, id=20016, stack(0x000000ecef400000,0x000000ecef500000) (1024K)]
  0x0000029a7780ba80 JavaThread "Service Thread"             daemon [_thread_blocked, id=15272, stack(0x000000ecef500000,0x000000ecef600000) (1024K)]
  0x0000029a77811f10 JavaThread "Monitor Deflation Thread"   daemon [_thread_blocked, id=5268, stack(0x000000ecef600000,0x000000ecef700000) (1024K)]
=>0x0000029a77817750 JavaThread "C2 CompilerThread0"         daemon [_thread_in_native, id=4080, stack(0x000000ecef700000,0x000000ecef800000) (1024K)]
  0x0000029a7781ab50 JavaThread "C1 CompilerThread0"         daemon [_thread_blocked, id=16532, stack(0x000000ecef800000,0x000000ecef900000) (1024K)]
  0x0000029a50578270 JavaThread "Common-Cleaner"             daemon [_thread_blocked, id=12972, stack(0x000000ecef900000,0x000000ecefa00000) (1024K)]
  0x0000029a50671970 JavaThread "Notification Thread"        daemon [_thread_blocked, id=18084, stack(0x000000ecefa00000,0x000000ecefb00000) (1024K)]
  0x0000029a51bc5e70 JavaThread "Active Thread: Equinox Container: 1b3684fa-fd62-4032-903c-4120ec5373c2"        [_thread_blocked, id=17680, stack(0x000000ecf0200000,0x000000ecf0300000) (1024K)]
  0x0000029a56020410 JavaThread "Refresh Thread: Equinox Container: 1b3684fa-fd62-4032-903c-4120ec5373c2" daemon [_thread_blocked, id=4500, stack(0x000000ecf0300000,0x000000ecf0400000) (1024K)]
  0x0000029a50593aa0 JavaThread "Framework Event Dispatcher: Equinox Container: 1b3684fa-fd62-4032-903c-4120ec5373c2" daemon [_thread_blocked, id=17732, stack(0x000000ecf0400000,0x000000ecf0500000) (1024K)]
  0x0000029a51ad7b70 JavaThread "Start Level: Equinox Container: 1b3684fa-fd62-4032-903c-4120ec5373c2" daemon [_thread_blocked, id=20736, stack(0x000000ecf0500000,0x000000ecf0600000) (1024K)]
  0x0000029a519eaf00 JavaThread "Bundle File Closer"         daemon [_thread_blocked, id=20492, stack(0x000000ecf0900000,0x000000ecf0a00000) (1024K)]
  0x0000029a566283a0 JavaThread "SCR Component Actor"        daemon [_thread_blocked, id=7184, stack(0x000000ecf0800000,0x000000ecf0900000) (1024K)]
  0x0000029a56365a60 JavaThread "Worker-JM"                         [_thread_blocked, id=19504, stack(0x000000ecf0c00000,0x000000ecf0d00000) (1024K)]
  0x0000029a56366780 JavaThread "JNA Cleaner"                daemon [_thread_blocked, id=10300, stack(0x000000ecf0d00000,0x000000ecf0e00000) (1024K)]
  0x0000029a56366e10 JavaThread "Worker-0"                          [_thread_blocked, id=7976, stack(0x000000ecf0e00000,0x000000ecf0f00000) (1024K)]
  0x0000029a563653d0 JavaThread "Worker-1: Building"                [_thread_blocked, id=20476, stack(0x000000ecf0f00000,0x000000ecf1000000) (1024K)]
  0x0000029a56364d40 JavaThread "Worker-2: Processing Java changes since last activation"        [_thread_blocked, id=12376, stack(0x000000ecf1000000,0x000000ecf1100000) (1024K)]
  0x0000029a56d0ef90 JavaThread "C2 CompilerThread1"         daemon [_thread_blocked, id=12508, stack(0x000000ecf0b00000,0x000000ecf0c00000) (1024K)]
  0x0000029a56364020 JavaThread "Java indexing"              daemon [_thread_blocked, id=13968, stack(0x000000ecf1100000,0x000000ecf1200000) (1024K)]
  0x0000029a577a0320 JavaThread "Worker-3: Java indexing... "        [_thread_blocked, id=2776, stack(0x000000ecf1200000,0x000000ecf1300000) (1024K)]
  0x0000029a5779f600 JavaThread "Worker-4: Initialize After Load"        [_thread_blocked, id=7272, stack(0x000000ecf1300000,0x000000ecf1400000) (1024K)]
  0x0000029a5779ef70 JavaThread "Worker-5"                          [_thread_blocked, id=5980, stack(0x000000ecf1700000,0x000000ecf1800000) (1024K)]
  0x0000029a5779fc90 JavaThread "Worker-6"                          [_thread_blocked, id=21364, stack(0x000000ecf1800000,0x000000ecf1900000) (1024K)]
  0x0000029a577a3e30 JavaThread "Thread-2"                   daemon [_thread_in_native, id=9048, stack(0x000000ecf1900000,0x000000ecf1a00000) (1024K)]
  0x0000029a577a09b0 JavaThread "Thread-3"                   daemon [_thread_in_native, id=13100, stack(0x000000ecf1a00000,0x000000ecf1b00000) (1024K)]
  0x0000029a577a23f0 JavaThread "Thread-4"                   daemon [_thread_in_native, id=12852, stack(0x000000ecf1b00000,0x000000ecf1c00000) (1024K)]
  0x0000029a577a44c0 JavaThread "Thread-5"                   daemon [_thread_in_native, id=17940, stack(0x000000ecf1c00000,0x000000ecf1d00000) (1024K)]
  0x0000029a577a2a80 JavaThread "Thread-6"                   daemon [_thread_in_native, id=4480, stack(0x000000ecf1d00000,0x000000ecf1e00000) (1024K)]
  0x0000029a577a16d0 JavaThread "Thread-7"                   daemon [_thread_in_native, id=9812, stack(0x000000ecf1e00000,0x000000ecf1f00000) (1024K)]
  0x0000029a577a37a0 JavaThread "Thread-8"                   daemon [_thread_in_native, id=11536, stack(0x000000ecf1f00000,0x000000ecf2000000) (1024K)]
  0x0000029a577a3110 JavaThread "Thread-9"                   daemon [_thread_in_native, id=14452, stack(0x000000ecf2000000,0x000000ecf2100000) (1024K)]
  0x0000029a577a1d60 JavaThread "Thread-10"                  daemon [_thread_in_native, id=16392, stack(0x000000ecf2100000,0x000000ecf2200000) (1024K)]
  0x0000029a577a1040 JavaThread "Thread-11"                  daemon [_thread_in_native, id=13024, stack(0x000000ecf2200000,0x000000ecf2300000) (1024K)]
  0x0000029a577a4b50 JavaThread "Thread-12"                  daemon [_thread_in_native, id=12756, stack(0x000000ecf2300000,0x000000ecf2400000) (1024K)]
  0x0000029a577a51e0 JavaThread "Thread-13"                  daemon [_thread_in_native, id=3208, stack(0x000000ecf2400000,0x000000ecf2500000) (1024K)]
  0x0000029a577a5870 JavaThread "Thread-14"                  daemon [_thread_in_native, id=20392, stack(0x000000ecf2500000,0x000000ecf2600000) (1024K)]
  0x0000029a577a5f00 JavaThread "pool-2-thread-1"                   [_thread_blocked, id=2432, stack(0x000000ecf2600000,0x000000ecf2700000) (1024K)]
  0x0000029a577a6590 JavaThread "WorkspaceEventsHandler"            [_thread_blocked, id=17224, stack(0x000000ecf2700000,0x000000ecf2800000) (1024K)]
  0x0000029a58fd3ca0 JavaThread "pool-1-thread-1"                   [_thread_blocked, id=12912, stack(0x000000ecf2800000,0x000000ecf2900000) (1024K)]
  0x0000029a58fd56e0 JavaThread "Worker-7"                          [_thread_blocked, id=2092, stack(0x000000ecf2900000,0x000000ecf2a00000) (1024K)]
  0x0000029a58fd4330 JavaThread "Worker-8"                          [_thread_blocked, id=15756, stack(0x000000ecf2a00000,0x000000ecf2b00000) (1024K)]
  0x0000029a58fd77b0 JavaThread "Worker-9"                          [_thread_blocked, id=21176, stack(0x000000ecf2b00000,0x000000ecf2c00000) (1024K)]
  0x0000029a57c2d440 JavaThread "C2 CompilerThread2"         daemon [_thread_blocked, id=6048, stack(0x000000ecf0a00000,0x000000ecf0b00000) (1024K)]
Total: 48

Other Threads:
  0x0000029a776f4960 VMThread "VM Thread"                           [id=15016, stack(0x000000ecef000000,0x000000ecef100000) (1024K)]
  0x0000029a775eca00 WatcherThread "VM Periodic Task Thread"        [id=9244, stack(0x000000eceef00000,0x000000ecef000000) (1024K)]
  0x0000029a7777a8f0 WorkerThread "GC Thread#0"                     [id=7484, stack(0x000000eceee00000,0x000000eceef00000) (1024K)]
  0x0000029a5168b5e0 WorkerThread "GC Thread#1"                     [id=7132, stack(0x000000ecefc00000,0x000000ecefd00000) (1024K)]
  0x0000029a517f9f30 WorkerThread "GC Thread#2"                     [id=16916, stack(0x000000ecefd00000,0x000000ecefe00000) (1024K)]
  0x0000029a51ad9b40 WorkerThread "GC Thread#3"                     [id=7032, stack(0x000000ecefe00000,0x000000eceff00000) (1024K)]
  0x0000029a51842460 WorkerThread "GC Thread#4"                     [id=15692, stack(0x000000eceff00000,0x000000ecf0000000) (1024K)]
  0x0000029a51684600 WorkerThread "GC Thread#5"                     [id=10356, stack(0x000000ecf0000000,0x000000ecf0100000) (1024K)]
  0x0000029a51684db0 WorkerThread "GC Thread#6"                     [id=19748, stack(0x000000ecf0100000,0x000000ecf0200000) (1024K)]
  0x0000029a56020070 WorkerThread "GC Thread#7"                     [id=2908, stack(0x000000ecefb00000,0x000000ecefc00000) (1024K)]
  0x0000029a51611f30 WorkerThread "GC Thread#8"                     [id=908, stack(0x000000ecf0600000,0x000000ecf0700000) (1024K)]
  0x0000029a562dd630 WorkerThread "GC Thread#9"                     [id=18960, stack(0x000000ecf0700000,0x000000ecf0800000) (1024K)]
Total: 12

Threads with active compile tasks:
C2 CompilerThread0  40353 7782   !   4       org.eclipse.jdt.internal.core.search.indexing.BinaryIndexer::toUri (51 bytes)
Total: 1

VM state: at safepoint (normal execution)

VM Mutex/Monitor currently owned by a thread:  ([mutex/lock_event])
[0x00007ff9dd64e308] Threads_lock - owner thread: 0x0000029a776f4960
[0x00007ff9dd64e408] Heap_lock - owner thread: 0x0000029a56364020
[0x00007ff9dd64e888] PSOldGenExpand_lock - owner thread: 0x0000029a51842460

Heap address: 0x0000000080000000, size: 2048 MB, Compressed Oops mode: 32-bit

CDS archive(s) mapped at: [0x0000029a0f000000-0x0000029a0fba0000-0x0000029a0fba0000), size 12189696, SharedBaseAddress: 0x0000029a0f000000, ArchiveRelocationMode: 1.
Compressed class space mapped at: 0x0000029a10000000-0x0000029a50000000, reserved size: 1073741824
Narrow klass base: 0x0000029a0f000000, Narrow klass shift: 0, Narrow klass range: 0x100000000

GC Precious Log:
 CardTable entry size: 512
 CPUs: 12 total, 12 available
 Memory: 7893M
 Large Page Support: Disabled
 NUMA Support: Disabled
 Compressed Oops: Enabled (32-bit)
 Alignments: Space 512K, Generation 512K, Heap 2M
 Heap Min Capacity: 100M
 Heap Initial Capacity: 100M
 Heap Max Capacity: 2G
 Pre-touch: Disabled
 Parallel Workers: 10

Heap:
 PSYoungGen      total 6144K, used 5797K [0x00000000d5580000, 0x00000000d5d00000, 0x0000000100000000)
  eden space 4608K, 100% used [0x00000000d5580000,0x00000000d5a00000,0x00000000d5a00000)
  from space 1536K, 77% used [0x00000000d5a00000,0x00000000d5b297c8,0x00000000d5b80000)
  to   space 1536K, 18% used [0x00000000d5b80000,0x00000000d5bc8000,0x00000000d5d00000)
 ParOldGen       total 158720K, used 158714K [0x0000000080000000, 0x0000000089b00000, 0x00000000d5580000)
  object space 158720K, 99% used [0x0000000080000000,0x0000000089afe868,0x0000000089b00000)
 Metaspace       used 47762K, committed 49088K, reserved 1114112K
  class space    used 5052K, committed 5632K, reserved 1048576K

Card table byte_map: [0x0000029a77100000,0x0000029a77510000] _byte_map_base: 0x0000029a76d00000

Marking Bits: (ParMarkBitMap*) 0x00007ff9dd6531f0
 Begin Bits: [0x0000029a7ac00000, 0x0000029a7cc00000)
 End Bits:   [0x0000029a7cc00000, 0x0000029a7ec00000)

Polling page: 0x0000029a755b0000

Metaspace:

Usage:
  Non-class:     41.71 MB used.
      Class:      4.93 MB used.
       Both:     46.64 MB used.

Virtual space:
  Non-class space:       64.00 MB reserved,      42.44 MB ( 66%) committed,  1 nodes.
      Class space:        1.00 GB reserved,       5.50 MB ( <1%) committed,  1 nodes.
             Both:        1.06 GB reserved,      47.94 MB (  4%) committed. 

Chunk freelists:
   Non-Class:  5.44 MB
       Class:  10.53 MB
        Both:  15.96 MB

MaxMetaspaceSize: unlimited
CompressedClassSpaceSize: 1.00 GB
Initial GC threshold: 21.00 MB
Current GC threshold: 58.38 MB
CDS: on
 - commit_granule_bytes: 65536.
 - commit_granule_words: 8192.
 - virtual_space_node_default_size: 8388608.
 - enlarge_chunks_in_place: 1.
 - use_allocation_guard: 0.


Internal statistics:

num_allocs_failed_limit: 6.
num_arena_births: 1012.
num_arena_deaths: 14.
num_vsnodes_births: 2.
num_vsnodes_deaths: 0.
num_space_committed: 767.
num_space_uncommitted: 0.
num_chunks_returned_to_freelist: 20.
num_chunks_taken_from_freelist: 3228.
num_chunk_merges: 10.
num_chunk_splits: 1967.
num_chunks_enlarged: 1062.
num_inconsistent_stats: 0.

CodeHeap 'non-profiled nmethods': size=120000Kb used=3948Kb max_used=3948Kb free=116052Kb
 bounds [0x0000029a07ad0000, 0x0000029a07eb0000, 0x0000029a0f000000]
CodeHeap 'profiled nmethods': size=120000Kb used=14470Kb max_used=14470Kb free=105529Kb
 bounds [0x0000029a00000000, 0x0000029a00e30000, 0x0000029a07530000]
CodeHeap 'non-nmethods': size=5760Kb used=1382Kb max_used=1449Kb free=4377Kb
 bounds [0x0000029a07530000, 0x0000029a077a0000, 0x0000029a07ad0000]
 total_blobs=7834 nmethods=7148 adapters=592
 compilation: enabled
              stopped_count=0, restarted_count=0
 full_count=0

Compilation events (20 events):
Event: 38.261 Thread 0x0000029a56d0ef90 nmethod 7778 0x0000029a07ea3a90 code [0x0000029a07ea3d20, 0x0000029a07ea4c08]
Event: 38.262 Thread 0x0000029a56d0ef90 7786       4       org.eclipse.jdt.internal.compiler.classfmt.MethodInfo::getArgumentNames (16 bytes)
Event: 38.262 Thread 0x0000029a56d0ef90 nmethod 7786 0x0000029a07ea5910 code [0x0000029a07ea5aa0, 0x0000029a07ea5b60]
Event: 38.262 Thread 0x0000029a56d0ef90 7787       4       org.eclipse.jdt.internal.compiler.classfmt.MethodInfo::getModifiers (17 bytes)
Event: 38.263 Thread 0x0000029a56d0ef90 nmethod 7787 0x0000029a07ea5c10 code [0x0000029a07ea5da0, 0x0000029a07ea5e78]
Event: 38.265 Thread 0x0000029a56d0ef90 7788       4       org.eclipse.jdt.internal.compiler.classfmt.MethodInfo::isConstructor (8 bytes)
Event: 38.266 Thread 0x0000029a56d0ef90 nmethod 7788 0x0000029a07ea5f10 code [0x0000029a07ea60a0, 0x0000029a07ea61a0]
Event: 38.266 Thread 0x0000029a56d0ef90 7789       4       org.eclipse.jdt.core.Flags::isStatic (11 bytes)
Event: 38.266 Thread 0x0000029a56d0ef90 nmethod 7789 0x0000029a07ea6290 code [0x0000029a07ea6400, 0x0000029a07ea6470]
Event: 38.268 Thread 0x0000029a56d0ef90 7790       4       org.eclipse.jdt.internal.compiler.classfmt.MethodInfo::isClinit (8 bytes)
Event: 38.269 Thread 0x0000029a56d0ef90 nmethod 7790 0x0000029a07ea6590 code [0x0000029a07ea6720, 0x0000029a07ea6830]
Event: 38.270 Thread 0x0000029a56d0ef90 7791       4       org.eclipse.jdt.internal.core.search.indexing.BinaryIndexer::convertToArrayType (63 bytes)
Event: 38.277 Thread 0x0000029a56d0ef90 nmethod 7791 0x0000029a07ea6990 code [0x0000029a07ea6b40, 0x0000029a07ea6ff8]
Event: 38.288 Thread 0x0000029a56d0ef90 7792       4       java.lang.String::<init> (7 bytes)
Event: 38.293 Thread 0x0000029a57c2d440 nmethod 7784 0x0000029a07ea7190 code [0x0000029a07ea7480, 0x0000029a07ea8fd8]
Event: 38.293 Thread 0x0000029a56d0ef90 nmethod 7792 0x0000029a07eaa010 code [0x0000029a07eaa1e0, 0x0000029a07eaa768]
Event: 38.297 Thread 0x0000029a57c2d440 7793       4       org.eclipse.jdt.internal.core.search.indexing.AbstractIndexer::addFieldDeclaration (17 bytes)
Event: 38.298 Thread 0x0000029a7781ab50 7794   !   3       org.eclipse.jdt.core.Signature::getTypeParameters (313 bytes)
Event: 38.299 Thread 0x0000029a7781ab50 nmethod 7794 0x0000029a00e1f810 code [0x0000029a00e1fb60, 0x0000029a00e21010]
Event: 38.300 Thread 0x0000029a57c2d440 nmethod 7793 0x0000029a07eaaa10 code [0x0000029a07eaabc0, 0x0000029a07eaada8]

GC Heap History (20 events):
Event: 36.033 GC heap after
{Heap after GC invocations=88 (full 2):
 PSYoungGen      total 6144K, used 1267K [0x00000000d5580000, 0x00000000d5d00000, 0x0000000100000000)
  eden space 4608K, 0% used [0x00000000d5580000,0x00000000d5580000,0x00000000d5a00000)
  from space 1536K, 82% used [0x00000000d5b80000,0x00000000d5cbcca0,0x00000000d5d00000)
  to   space 1536K, 0% used [0x00000000d5a00000,0x00000000d5a00000,0x00000000d5b80000)
 ParOldGen       total 148992K, used 148689K [0x0000000080000000, 0x0000000089180000, 0x00000000d5580000)
  object space 148992K, 99% used [0x0000000080000000,0x0000000089134428,0x0000000089180000)
 Metaspace       used 47762K, committed 49088K, reserved 1114112K
  class space    used 5052K, committed 5632K, reserved 1048576K
}
Event: 36.061 GC heap before
{Heap before GC invocations=89 (full 2):
 PSYoungGen      total 6144K, used 5875K [0x00000000d5580000, 0x00000000d5d00000, 0x0000000100000000)
  eden space 4608K, 100% used [0x00000000d5580000,0x00000000d5a00000,0x00000000d5a00000)
  from space 1536K, 82% used [0x00000000d5b80000,0x00000000d5cbcca0,0x00000000d5d00000)
  to   space 1536K, 0% used [0x00000000d5a00000,0x00000000d5a00000,0x00000000d5b80000)
 ParOldGen       total 148992K, used 148689K [0x0000000080000000, 0x0000000089180000, 0x00000000d5580000)
  object space 148992K, 99% used [0x0000000080000000,0x0000000089134428,0x0000000089180000)
 Metaspace       used 47762K, committed 49088K, reserved 1114112K
  class space    used 5052K, committed 5632K, reserved 1048576K
}
Event: 36.063 GC heap after
{Heap after GC invocations=89 (full 2):
 PSYoungGen      total 6144K, used 1224K [0x00000000d5580000, 0x00000000d5d00000, 0x0000000100000000)
  eden space 4608K, 0% used [0x00000000d5580000,0x00000000d5580000,0x00000000d5a00000)
  from space 1536K, 79% used [0x00000000d5a00000,0x00000000d5b323f8,0x00000000d5b80000)
  to   space 1536K, 0% used [0x00000000d5b80000,0x00000000d5b80000,0x00000000d5d00000)
 ParOldGen       total 150016K, used 149785K [0x0000000080000000, 0x0000000089280000, 0x00000000d5580000)
  object space 150016K, 99% used [0x0000000080000000,0x00000000892467e0,0x0000000089280000)
 Metaspace       used 47762K, committed 49088K, reserved 1114112K
  class space    used 5052K, committed 5632K, reserved 1048576K
}
Event: 36.088 GC heap before
{Heap before GC invocations=90 (full 2):
 PSYoungGen      total 6144K, used 5832K [0x00000000d5580000, 0x00000000d5d00000, 0x0000000100000000)
  eden space 4608K, 100% used [0x00000000d5580000,0x00000000d5a00000,0x00000000d5a00000)
  from space 1536K, 79% used [0x00000000d5a00000,0x00000000d5b323f8,0x00000000d5b80000)
  to   space 1536K, 0% used [0x00000000d5b80000,0x00000000d5b80000,0x00000000d5d00000)
 ParOldGen       total 150016K, used 149785K [0x0000000080000000, 0x0000000089280000, 0x00000000d5580000)
  object space 150016K, 99% used [0x0000000080000000,0x00000000892467e0,0x0000000089280000)
 Metaspace       used 47762K, committed 49088K, reserved 1114112K
  class space    used 5052K, committed 5632K, reserved 1048576K
}
Event: 36.090 GC heap after
{Heap after GC invocations=90 (full 2):
 PSYoungGen      total 6144K, used 1202K [0x00000000d5580000, 0x00000000d5d00000, 0x0000000100000000)
  eden space 4608K, 0% used [0x00000000d5580000,0x00000000d5580000,0x00000000d5a00000)
  from space 1536K, 78% used [0x00000000d5b80000,0x00000000d5cac8b8,0x00000000d5d00000)
  to   space 1536K, 0% used [0x00000000d5a00000,0x00000000d5a00000,0x00000000d5b80000)
 ParOldGen       total 151040K, used 150885K [0x0000000080000000, 0x0000000089380000, 0x00000000d5580000)
  object space 151040K, 99% used [0x0000000080000000,0x0000000089359620,0x0000000089380000)
 Metaspace       used 47762K, committed 49088K, reserved 1114112K
  class space    used 5052K, committed 5632K, reserved 1048576K
}
Event: 36.128 GC heap before
{Heap before GC invocations=91 (full 2):
 PSYoungGen      total 6144K, used 5801K [0x00000000d5580000, 0x00000000d5d00000, 0x0000000100000000)
  eden space 4608K, 99% used [0x00000000d5580000,0x00000000d59fdd40,0x00000000d5a00000)
  from space 1536K, 78% used [0x00000000d5b80000,0x00000000d5cac8b8,0x00000000d5d00000)
  to   space 1536K, 0% used [0x00000000d5a00000,0x00000000d5a00000,0x00000000d5b80000)
 ParOldGen       total 151040K, used 150885K [0x0000000080000000, 0x0000000089380000, 0x00000000d5580000)
  object space 151040K, 99% used [0x0000000080000000,0x0000000089359620,0x0000000089380000)
 Metaspace       used 47762K, committed 49088K, reserved 1114112K
  class space    used 5052K, committed 5632K, reserved 1048576K
}
Event: 36.130 GC heap after
{Heap after GC invocations=91 (full 2):
 PSYoungGen      total 6144K, used 1207K [0x00000000d5580000, 0x00000000d5d00000, 0x0000000100000000)
  eden space 4608K, 0% used [0x00000000d5580000,0x00000000d5580000,0x00000000d5a00000)
  from space 1536K, 78% used [0x00000000d5a00000,0x00000000d5b2dfd0,0x00000000d5b80000)
  to   space 1536K, 0% used [0x00000000d5b80000,0x00000000d5b80000,0x00000000d5d00000)
 ParOldGen       total 152064K, used 151973K [0x0000000080000000, 0x0000000089480000, 0x00000000d5580000)
  object space 152064K, 99% used [0x0000000080000000,0x0000000089469648,0x0000000089480000)
 Metaspace       used 47762K, committed 49088K, reserved 1114112K
  class space    used 5052K, committed 5632K, reserved 1048576K
}
Event: 36.156 GC heap before
{Heap before GC invocations=92 (full 2):
 PSYoungGen      total 6144K, used 5815K [0x00000000d5580000, 0x00000000d5d00000, 0x0000000100000000)
  eden space 4608K, 100% used [0x00000000d5580000,0x00000000d5a00000,0x00000000d5a00000)
  from space 1536K, 78% used [0x00000000d5a00000,0x00000000d5b2dfd0,0x00000000d5b80000)
  to   space 1536K, 0% used [0x00000000d5b80000,0x00000000d5b80000,0x00000000d5d00000)
 ParOldGen       total 152064K, used 151973K [0x0000000080000000, 0x0000000089480000, 0x00000000d5580000)
  object space 152064K, 99% used [0x0000000080000000,0x0000000089469648,0x0000000089480000)
 Metaspace       used 47762K, committed 49088K, reserved 1114112K
  class space    used 5052K, committed 5632K, reserved 1048576K
}
Event: 36.158 GC heap after
{Heap after GC invocations=92 (full 2):
 PSYoungGen      total 6144K, used 1233K [0x00000000d5580000, 0x00000000d5d00000, 0x0000000100000000)
  eden space 4608K, 0% used [0x00000000d5580000,0x00000000d5580000,0x00000000d5a00000)
  from space 1536K, 80% used [0x00000000d5b80000,0x00000000d5cb45e8,0x00000000d5d00000)
  to   space 1536K, 0% used [0x00000000d5a00000,0x00000000d5a00000,0x00000000d5b80000)
 ParOldGen       total 153088K, used 153041K [0x0000000080000000, 0x0000000089580000, 0x00000000d5580000)
  object space 153088K, 99% used [0x0000000080000000,0x0000000089574710,0x0000000089580000)
 Metaspace       used 47762K, committed 49088K, reserved 1114112K
  class space    used 5052K, committed 5632K, reserved 1048576K
}
Event: 36.185 GC heap before
{Heap before GC invocations=93 (full 2):
 PSYoungGen      total 6144K, used 5841K [0x00000000d5580000, 0x00000000d5d00000, 0x0000000100000000)
  eden space 4608K, 100% used [0x00000000d5580000,0x00000000d5a00000,0x00000000d5a00000)
  from space 1536K, 80% used [0x00000000d5b80000,0x00000000d5cb45e8,0x00000000d5d00000)
  to   space 1536K, 0% used [0x00000000d5a00000,0x00000000d5a00000,0x00000000d5b80000)
 ParOldGen       total 153088K, used 153041K [0x0000000080000000, 0x0000000089580000, 0x00000000d5580000)
  object space 153088K, 99% used [0x0000000080000000,0x0000000089574710,0x0000000089580000)
 Metaspace       used 47762K, committed 49088K, reserved 1114112K
  class space    used 5052K, committed 5632K, reserved 1048576K
}
Event: 36.187 GC heap after
{Heap after GC invocations=93 (full 2):
 PSYoungGen      total 6144K, used 1360K [0x00000000d5580000, 0x00000000d5d00000, 0x0000000100000000)
  eden space 4608K, 0% used [0x00000000d5580000,0x00000000d5580000,0x00000000d5a00000)
  from space 1536K, 88% used [0x00000000d5a00000,0x00000000d5b541f8,0x00000000d5b80000)
  to   space 1536K, 0% used [0x00000000d5b80000,0x00000000d5b80000,0x00000000d5d00000)
 ParOldGen       total 154624K, used 154142K [0x0000000080000000, 0x0000000089700000, 0x00000000d5580000)
  object space 154624K, 99% used [0x0000000080000000,0x0000000089687bf0,0x0000000089700000)
 Metaspace       used 47762K, committed 49088K, reserved 1114112K
  class space    used 5052K, committed 5632K, reserved 1048576K
}
Event: 36.223 GC heap before
{Heap before GC invocations=94 (full 2):
 PSYoungGen      total 6144K, used 5968K [0x00000000d5580000, 0x00000000d5d00000, 0x0000000100000000)
  eden space 4608K, 100% used [0x00000000d5580000,0x00000000d5a00000,0x00000000d5a00000)
  from space 1536K, 88% used [0x00000000d5a00000,0x00000000d5b541f8,0x00000000d5b80000)
  to   space 1536K, 0% used [0x00000000d5b80000,0x00000000d5b80000,0x00000000d5d00000)
 ParOldGen       total 154624K, used 154142K [0x0000000080000000, 0x0000000089700000, 0x00000000d5580000)
  object space 154624K, 99% used [0x0000000080000000,0x0000000089687bf0,0x0000000089700000)
 Metaspace       used 47762K, committed 49088K, reserved 1114112K
  class space    used 5052K, committed 5632K, reserved 1048576K
}
Event: 38.226 GC heap after
{Heap after GC invocations=94 (full 2):
 PSYoungGen      total 6144K, used 1307K [0x00000000d5580000, 0x00000000d5e00000, 0x0000000100000000)
  eden space 4608K, 0% used [0x00000000d5580000,0x00000000d5580000,0x00000000d5a00000)
  from space 1536K, 85% used [0x00000000d5b80000,0x00000000d5cc6ce0,0x00000000d5d00000)
  to   space 1536K, 0% used [0x00000000d5a00000,0x00000000d5a00000,0x00000000d5b80000)
 ParOldGen       total 155648K, used 155369K [0x0000000080000000, 0x0000000089800000, 0x00000000d5580000)
  object space 155648K, 99% used [0x0000000080000000,0x00000000897ba420,0x0000000089800000)
 Metaspace       used 47762K, committed 49088K, reserved 1114112K
  class space    used 5052K, committed 5632K, reserved 1048576K
}
Event: 38.258 GC heap before
{Heap before GC invocations=95 (full 2):
 PSYoungGen      total 6144K, used 5915K [0x00000000d5580000, 0x00000000d5e00000, 0x0000000100000000)
  eden space 4608K, 100% used [0x00000000d5580000,0x00000000d5a00000,0x00000000d5a00000)
  from space 1536K, 85% used [0x00000000d5b80000,0x00000000d5cc6ce0,0x00000000d5d00000)
  to   space 1536K, 0% used [0x00000000d5a00000,0x00000000d5a00000,0x00000000d5b80000)
 ParOldGen       total 155648K, used 155369K [0x0000000080000000, 0x0000000089800000, 0x00000000d5580000)
  object space 155648K, 99% used [0x0000000080000000,0x00000000897ba420,0x0000000089800000)
 Metaspace       used 47762K, committed 49088K, reserved 1114112K
  class space    used 5052K, committed 5632K, reserved 1048576K
}
Event: 38.260 GC heap after
{Heap after GC invocations=95 (full 2):
 PSYoungGen      total 6144K, used 1305K [0x00000000d5580000, 0x00000000d5e00000, 0x0000000100000000)
  eden space 4608K, 0% used [0x00000000d5580000,0x00000000d5580000,0x00000000d5a00000)
  from space 1536K, 84% used [0x00000000d5a00000,0x00000000d5b46640,0x00000000d5b80000)
  to   space 1536K, 0% used [0x00000000d5c80000,0x00000000d5c80000,0x00000000d5e00000)
 ParOldGen       total 156672K, used 156513K [0x0000000080000000, 0x0000000089900000, 0x00000000d5580000)
  object space 156672K, 99% used [0x0000000080000000,0x00000000898d8728,0x0000000089900000)
 Metaspace       used 47762K, committed 49088K, reserved 1114112K
  class space    used 5052K, committed 5632K, reserved 1048576K
}
Event: 38.275 GC heap before
{Heap before GC invocations=96 (full 2):
 PSYoungGen      total 6144K, used 5913K [0x00000000d5580000, 0x00000000d5e00000, 0x0000000100000000)
  eden space 4608K, 100% used [0x00000000d5580000,0x00000000d5a00000,0x00000000d5a00000)
  from space 1536K, 84% used [0x00000000d5a00000,0x00000000d5b46640,0x00000000d5b80000)
  to   space 1536K, 0% used [0x00000000d5c80000,0x00000000d5c80000,0x00000000d5e00000)
 ParOldGen       total 156672K, used 156513K [0x0000000080000000, 0x0000000089900000, 0x00000000d5580000)
  object space 156672K, 99% used [0x0000000080000000,0x00000000898d8728,0x0000000089900000)
 Metaspace       used 47762K, committed 49088K, reserved 1114112K
  class space    used 5052K, committed 5632K, reserved 1048576K
}
Event: 38.276 GC heap after
{Heap after GC invocations=96 (full 2):
 PSYoungGen      total 6144K, used 1184K [0x00000000d5580000, 0x00000000d5e00000, 0x0000000100000000)
  eden space 4608K, 0% used [0x00000000d5580000,0x00000000d5580000,0x00000000d5a00000)
  from space 1536K, 77% used [0x00000000d5c80000,0x00000000d5da8208,0x00000000d5e00000)
  to   space 1536K, 0% used [0x00000000d5a00000,0x00000000d5a00000,0x00000000d5b80000)
 ParOldGen       total 157696K, used 157589K [0x0000000080000000, 0x0000000089a00000, 0x00000000d5580000)
  object space 157696K, 99% used [0x0000000080000000,0x00000000899e5650,0x0000000089a00000)
 Metaspace       used 47762K, committed 49088K, reserved 1114112K
  class space    used 5052K, committed 5632K, reserved 1048576K
}
Event: 38.291 GC heap before
{Heap before GC invocations=97 (full 2):
 PSYoungGen      total 6144K, used 5792K [0x00000000d5580000, 0x00000000d5e00000, 0x0000000100000000)
  eden space 4608K, 100% used [0x00000000d5580000,0x00000000d5a00000,0x00000000d5a00000)
  from space 1536K, 77% used [0x00000000d5c80000,0x00000000d5da8208,0x00000000d5e00000)
  to   space 1536K, 0% used [0x00000000d5a00000,0x00000000d5a00000,0x00000000d5b80000)
 ParOldGen       total 157696K, used 157589K [0x0000000080000000, 0x0000000089a00000, 0x00000000d5580000)
  object space 157696K, 99% used [0x0000000080000000,0x00000000899e5650,0x0000000089a00000)
 Metaspace       used 47762K, committed 49088K, reserved 1114112K
  class space    used 5052K, committed 5632K, reserved 1048576K
}
Event: 38.293 GC heap after
{Heap after GC invocations=97 (full 2):
 PSYoungGen      total 6144K, used 1189K [0x00000000d5580000, 0x00000000d5d00000, 0x0000000100000000)
  eden space 4608K, 0% used [0x00000000d5580000,0x00000000d5580000,0x00000000d5a00000)
  from space 1536K, 77% used [0x00000000d5a00000,0x00000000d5b297c8,0x00000000d5b80000)
  to   space 1536K, 0% used [0x00000000d5b80000,0x00000000d5b80000,0x00000000d5d00000)
 ParOldGen       total 158720K, used 158650K [0x0000000080000000, 0x0000000089b00000, 0x00000000d5580000)
  object space 158720K, 99% used [0x0000000080000000,0x0000000089aee868,0x0000000089b00000)
 Metaspace       used 47762K, committed 49088K, reserved 1114112K
  class space    used 5052K, committed 5632K, reserved 1048576K
}
Event: 38.308 GC heap before
{Heap before GC invocations=98 (full 2):
 PSYoungGen      total 6144K, used 5797K [0x00000000d5580000, 0x00000000d5d00000, 0x0000000100000000)
  eden space 4608K, 100% used [0x00000000d5580000,0x00000000d5a00000,0x00000000d5a00000)
  from space 1536K, 77% used [0x00000000d5a00000,0x00000000d5b297c8,0x00000000d5b80000)
  to   space 1536K, 0% used [0x00000000d5b80000,0x00000000d5b80000,0x00000000d5d00000)
 ParOldGen       total 158720K, used 158650K [0x0000000080000000, 0x0000000089b00000, 0x00000000d5580000)
  object space 158720K, 99% used [0x0000000080000000,0x0000000089aee868,0x0000000089b00000)
 Metaspace       used 47762K, committed 49088K, reserved 1114112K
  class space    used 5052K, committed 5632K, reserved 1048576K
}

Dll operation events (10 events):
Event: 0.022 Loaded shared library c:\Users\Dilmina\.vscode\extensions\redhat.java-1.43.1-win32-x64\jre\21.0.7-win32-x86_64\bin\java.dll
Event: 0.166 Loaded shared library c:\Users\Dilmina\.vscode\extensions\redhat.java-1.43.1-win32-x64\jre\21.0.7-win32-x86_64\bin\zip.dll
Event: 0.204 Loaded shared library C:\Users\Dilmina\.vscode\extensions\redhat.java-1.43.1-win32-x64\jre\21.0.7-win32-x86_64\bin\instrument.dll
Event: 0.214 Loaded shared library C:\Users\Dilmina\.vscode\extensions\redhat.java-1.43.1-win32-x64\jre\21.0.7-win32-x86_64\bin\net.dll
Event: 0.217 Loaded shared library C:\Users\Dilmina\.vscode\extensions\redhat.java-1.43.1-win32-x64\jre\21.0.7-win32-x86_64\bin\nio.dll
Event: 0.223 Loaded shared library C:\Users\Dilmina\.vscode\extensions\redhat.java-1.43.1-win32-x64\jre\21.0.7-win32-x86_64\bin\zip.dll
Event: 0.251 Loaded shared library C:\Users\Dilmina\.vscode\extensions\redhat.java-1.43.1-win32-x64\jre\21.0.7-win32-x86_64\bin\jimage.dll
Event: 0.444 Loaded shared library c:\Users\Dilmina\.vscode\extensions\redhat.java-1.43.1-win32-x64\jre\21.0.7-win32-x86_64\bin\verify.dll
Event: 11.492 Loaded shared library C:\Users\Dilmina\AppData\Roaming\Code\User\globalStorage\redhat.java\1.43.1\config_win\org.eclipse.equinox.launcher\org.eclipse.equinox.launcher.win32.win32.x86_64_1.2.1300.v20250331-1702\eclipse_11911.dll
Event: 27.492 Loaded shared library C:\Users\Dilmina\AppData\Local\Temp\jna--965106378\jna9807221969428219168.dll

Deoptimization events (20 events):
Event: 35.291 Thread 0x0000029a56364020 DEOPT PACKING pc=0x0000029a00bb9d74 sp=0x000000ecf11fe980
Event: 35.292 Thread 0x0000029a56364020 DEOPT UNPACKING pc=0x0000029a07584242 sp=0x000000ecf11fddf8 mode 0
Event: 35.297 Thread 0x0000029a56364020 DEOPT PACKING pc=0x0000029a00bb9d74 sp=0x000000ecf11fe980
Event: 35.297 Thread 0x0000029a56364020 DEOPT UNPACKING pc=0x0000029a07584242 sp=0x000000ecf11fddf8 mode 0
Event: 35.307 Thread 0x0000029a56364020 DEOPT PACKING pc=0x0000029a00bb9d74 sp=0x000000ecf11fe980
Event: 35.307 Thread 0x0000029a56364020 DEOPT UNPACKING pc=0x0000029a07584242 sp=0x000000ecf11fddf8 mode 0
Event: 35.316 Thread 0x0000029a56364020 DEOPT PACKING pc=0x0000029a00bb9d74 sp=0x000000ecf11fe980
Event: 35.316 Thread 0x0000029a56364020 DEOPT UNPACKING pc=0x0000029a07584242 sp=0x000000ecf11fddf8 mode 0
Event: 35.332 Thread 0x0000029a56364020 DEOPT PACKING pc=0x0000029a00bb9d74 sp=0x000000ecf11fe850
Event: 35.332 Thread 0x0000029a56364020 DEOPT UNPACKING pc=0x0000029a07584242 sp=0x000000ecf11fdcc8 mode 0
Event: 35.362 Thread 0x0000029a56364020 DEOPT PACKING pc=0x0000029a00bb9d74 sp=0x000000ecf11fe980
Event: 35.362 Thread 0x0000029a56364020 DEOPT UNPACKING pc=0x0000029a07584242 sp=0x000000ecf11fddf8 mode 0
Event: 35.389 Thread 0x0000029a56364020 DEOPT PACKING pc=0x0000029a00bb9d74 sp=0x000000ecf11fe850
Event: 35.389 Thread 0x0000029a56364020 DEOPT UNPACKING pc=0x0000029a07584242 sp=0x000000ecf11fdcc8 mode 0
Event: 35.414 Thread 0x0000029a56364020 DEOPT PACKING pc=0x0000029a00bb9d74 sp=0x000000ecf11fe980
Event: 35.414 Thread 0x0000029a56364020 DEOPT UNPACKING pc=0x0000029a07584242 sp=0x000000ecf11fddf8 mode 0
Event: 35.444 Thread 0x0000029a56364020 DEOPT PACKING pc=0x0000029a00a438eb sp=0x000000ecf11fec10
Event: 35.444 Thread 0x0000029a56364020 DEOPT UNPACKING pc=0x0000029a07584242 sp=0x000000ecf11fe0b0 mode 0
Event: 35.451 Thread 0x0000029a56364020 DEOPT PACKING pc=0x0000029a00bb9d74 sp=0x000000ecf11fe980
Event: 35.451 Thread 0x0000029a56364020 DEOPT UNPACKING pc=0x0000029a07584242 sp=0x000000ecf11fddf8 mode 0

Classes loaded (20 events):
Event: 32.536 Loading class java/lang/ProcessEnvironment$CheckedKeySet
Event: 32.537 Loading class java/lang/ProcessEnvironment$CheckedKeySet done
Event: 32.559 Loading class sun/nio/cs/ISO_8859_1$Encoder
Event: 32.559 Loading class sun/nio/cs/ISO_8859_1$Encoder done
Event: 32.559 Loading class sun/nio/cs/Surrogate$Parser
Event: 32.560 Loading class sun/nio/cs/Surrogate$Parser done
Event: 32.560 Loading class sun/nio/cs/Surrogate
Event: 32.560 Loading class sun/nio/cs/Surrogate done
Event: 32.567 Loading class java/lang/invoke/MethodHandleImpl$CountingWrapper
Event: 32.567 Loading class java/lang/invoke/MethodHandleImpl$CountingWrapper done
Event: 32.673 Loading class java/lang/invoke/MethodHandleImpl$CountingWrapper$1
Event: 32.673 Loading class java/lang/invoke/MethodHandleImpl$CountingWrapper$1 done
Event: 32.790 Loading class java/util/regex/Pattern$Pos
Event: 32.790 Loading class java/util/regex/Pattern$Pos done
Event: 32.790 Loading class java/util/WeakHashMap$KeyIterator
Event: 32.791 Loading class java/util/WeakHashMap$KeyIterator done
Event: 32.816 Loading class sun/security/provider/MD5
Event: 32.817 Loading class sun/security/provider/MD5 done
Event: 32.817 Loading class sun/security/provider/ByteArrayAccess$LE
Event: 32.818 Loading class sun/security/provider/ByteArrayAccess$LE done

Classes unloaded (7 events):
Event: 28.689 Thread 0x0000029a776f4960 Unloading class 0x0000029a1019d000 'java/lang/invoke/LambdaForm$MH+0x0000029a1019d000'
Event: 28.689 Thread 0x0000029a776f4960 Unloading class 0x0000029a1019cc00 'java/lang/invoke/LambdaForm$MH+0x0000029a1019cc00'
Event: 28.689 Thread 0x0000029a776f4960 Unloading class 0x0000029a1019c800 'java/lang/invoke/LambdaForm$MH+0x0000029a1019c800'
Event: 28.689 Thread 0x0000029a776f4960 Unloading class 0x0000029a1019c400 'java/lang/invoke/LambdaForm$MH+0x0000029a1019c400'
Event: 28.689 Thread 0x0000029a776f4960 Unloading class 0x0000029a1019c000 'java/lang/invoke/LambdaForm$BMH+0x0000029a1019c000'
Event: 28.689 Thread 0x0000029a776f4960 Unloading class 0x0000029a1019bc00 'java/lang/invoke/LambdaForm$DMH+0x0000029a1019bc00'
Event: 28.689 Thread 0x0000029a776f4960 Unloading class 0x0000029a1019a800 'java/lang/invoke/LambdaForm$DMH+0x0000029a1019a800'

Classes redefined (0 events):
No events

Internal exceptions (20 events):
Event: 31.941 Thread 0x0000029a56366e10 Exception <a 'java/lang/NoSuchMethodError'{0x00000000d5a08b50}: 'void java.lang.invoke.DirectMethodHandle$Holder.invokeStaticInit(java.lang.Object, java.lang.Object, java.lang.Object)'> (0x00000000d5a08b50) 
thrown [s\src\hotspot\share\interpreter\linkResolver.cpp, line 773]
Event: 31.950 Thread 0x0000029a56366e10 Exception <a 'java/lang/ExceptionInInitializerError'{0x00000000d5d12bb0}> (0x00000000d5d12bb0) 
thrown [s\src\hotspot\share\oops\instanceKlass.cpp, line 1220]
Event: 32.000 Thread 0x0000029a56366e10 Implicit null exception at 0x0000029a07c16efe to 0x0000029a07c17170
Event: 32.000 Thread 0x0000029a56366e10 Implicit null exception at 0x0000029a07b81e9c to 0x0000029a07b82db8
Event: 32.003 Thread 0x0000029a56366e10 Exception <a 'java/lang/NoSuchMethodError'{0x00000000d6815e58}: 'java.lang.Object java.lang.invoke.Invokers$Holder.invokeExact_MT(java.lang.Object, int, java.lang.Object)'> (0x00000000d6815e58) 
thrown [s\src\hotspot\share\interpreter\linkResolver.cpp, line 773]
Event: 32.032 Thread 0x0000029a56364020 Exception <a 'java/io/FileNotFoundException'{0x00000000d6995248}> (0x00000000d6995248) 
thrown [s\src\hotspot\share\prims\jni.cpp, line 520]
Event: 32.033 Thread 0x0000029a56364020 Exception <a 'java/io/FileNotFoundException'{0x00000000d69964b8}> (0x00000000d69964b8) 
thrown [s\src\hotspot\share\prims\jni.cpp, line 520]
Event: 32.036 Thread 0x0000029a56364020 Exception <a 'java/lang/NoSuchMethodError'{0x00000000d6a20400}: 'java.lang.Object java.lang.invoke.DirectMethodHandle$Holder.newInvokeSpecial(java.lang.Object, java.lang.Object, java.lang.Object, int)'> (0x00000000d6a20400) 
thrown [s\src\hotspot\share\interpreter\linkResolver.cpp, line 773]
Event: 32.037 Thread 0x0000029a56364020 Exception <a 'java/lang/NoSuchMethodError'{0x00000000d6a633b0}: 'java.lang.Object java.lang.invoke.DirectMethodHandle$Holder.invokeSpecial(java.lang.Object, java.lang.Object, java.lang.Object, java.lang.Object, int)'> (0x00000000d6a633b0) 
thrown [s\src\hotspot\share\interpreter\linkResolver.cpp, line 773]
Event: 32.038 Thread 0x0000029a56364020 Exception <a 'java/lang/NoSuchMethodError'{0x00000000d6a66858}: 'java.lang.Object java.lang.invoke.Invokers$Holder.linkToTargetMethod(java.lang.Object, java.lang.Object, int, java.lang.Object)'> (0x00000000d6a66858) 
thrown [s\src\hotspot\share\interpreter\linkResolver.cpp, line 773]
Event: 32.509 Thread 0x0000029a56366e10 Exception <a 'java/lang/NoClassDefFoundError'{0x00000000d6760ca0}: com/google/inject/servlet/ServletModuleTargetVisitor> (0x00000000d6760ca0) 
thrown [s\src\hotspot\share\classfile\systemDictionary.cpp, line 301]
Event: 32.565 Thread 0x0000029a56366e10 Exception <a 'java/lang/NoSuchMethodError'{0x00000000d5da5188}: 'java.lang.Object java.lang.invoke.DirectMethodHandle$Holder.invokeStatic(java.lang.Object, int, java.lang.Object, java.lang.Object)'> (0x00000000d5da5188) 
thrown [s\src\hotspot\share\interpreter\linkResolver.cpp, line 773]
Event: 32.566 Thread 0x0000029a56366e10 Exception <a 'java/lang/NoSuchMethodError'{0x00000000d5da8988}: 'java.lang.Object java.lang.invoke.DelegatingMethodHandle$Holder.delegate(java.lang.Object, int, java.lang.Object, java.lang.Object)'> (0x00000000d5da8988) 
thrown [s\src\hotspot\share\interpreter\linkResolver.cpp, line 773]
Event: 32.570 Thread 0x0000029a56366e10 Exception <a 'java/lang/NoSuchMethodError'{0x00000000d5e9aa28}: 'int java.lang.invoke.Invokers$Holder.linkToTargetMethod(java.lang.Object, java.lang.Object, java.lang.Object)'> (0x00000000d5e9aa28) 
thrown [s\src\hotspot\share\interpreter\linkResolver.cpp, line 773]
Event: 32.632 Thread 0x0000029a58fd56e0 Exception <a 'sun/nio/fs/WindowsException'{0x00000000d5a1a330}> (0x00000000d5a1a330) 
thrown [s\src\hotspot\share\prims\jni.cpp, line 520]
Event: 32.632 Thread 0x0000029a58fd56e0 Exception <a 'sun/nio/fs/WindowsException'{0x00000000d5a1acf8}> (0x00000000d5a1acf8) 
thrown [s\src\hotspot\share\prims\jni.cpp, line 520]
Event: 32.793 Thread 0x0000029a58fd56e0 Exception <a 'java/io/FileNotFoundException'{0x00000000d594b740}> (0x00000000d594b740) 
thrown [s\src\hotspot\share\prims\jni.cpp, line 520]
Event: 32.794 Thread 0x0000029a58fd56e0 Exception <a 'java/io/FileNotFoundException'{0x00000000d594c758}> (0x00000000d594c758) 
thrown [s\src\hotspot\share\prims\jni.cpp, line 520]
Event: 32.794 Thread 0x0000029a58fd56e0 Exception <a 'java/io/FileNotFoundException'{0x00000000d594d4c0}> (0x00000000d594d4c0) 
thrown [s\src\hotspot\share\prims\jni.cpp, line 520]
Event: 32.808 Thread 0x0000029a56364020 Implicit null exception at 0x0000029a07d60cda to 0x0000029a07d60dd8

ZGC Phase Switch (0 events):
No events

VM Operations (20 events):
Event: 36.033 Executing VM operation: ParallelGCFailedAllocation (Allocation Failure) done
Event: 36.061 Executing VM operation: ParallelGCFailedAllocation (Allocation Failure)
Event: 36.063 Executing VM operation: ParallelGCFailedAllocation (Allocation Failure) done
Event: 36.088 Executing VM operation: ParallelGCFailedAllocation (Allocation Failure)
Event: 36.090 Executing VM operation: ParallelGCFailedAllocation (Allocation Failure) done
Event: 36.128 Executing VM operation: ParallelGCFailedAllocation (Allocation Failure)
Event: 36.130 Executing VM operation: ParallelGCFailedAllocation (Allocation Failure) done
Event: 36.156 Executing VM operation: ParallelGCFailedAllocation (Allocation Failure)
Event: 36.158 Executing VM operation: ParallelGCFailedAllocation (Allocation Failure) done
Event: 36.185 Executing VM operation: ParallelGCFailedAllocation (Allocation Failure)
Event: 36.187 Executing VM operation: ParallelGCFailedAllocation (Allocation Failure) done
Event: 36.223 Executing VM operation: ParallelGCFailedAllocation (Allocation Failure)
Event: 38.226 Executing VM operation: ParallelGCFailedAllocation (Allocation Failure) done
Event: 38.258 Executing VM operation: ParallelGCFailedAllocation (Allocation Failure)
Event: 38.260 Executing VM operation: ParallelGCFailedAllocation (Allocation Failure) done
Event: 38.275 Executing VM operation: ParallelGCFailedAllocation (Allocation Failure)
Event: 38.276 Executing VM operation: ParallelGCFailedAllocation (Allocation Failure) done
Event: 38.291 Executing VM operation: ParallelGCFailedAllocation (Allocation Failure)
Event: 38.293 Executing VM operation: ParallelGCFailedAllocation (Allocation Failure) done
Event: 38.308 Executing VM operation: ParallelGCFailedAllocation (Allocation Failure)

Memory protections (0 events):
No events

Nmethod flushes (20 events):
Event: 30.276 Thread 0x0000029a776f4960 flushing  nmethod 0x0000029a006da190
Event: 30.276 Thread 0x0000029a776f4960 flushing  nmethod 0x0000029a006dad90
Event: 30.276 Thread 0x0000029a776f4960 flushing  nmethod 0x0000029a006dca90
Event: 30.276 Thread 0x0000029a776f4960 flushing  nmethod 0x0000029a006dd390
Event: 30.276 Thread 0x0000029a776f4960 flushing  nmethod 0x0000029a006ddc90
Event: 30.276 Thread 0x0000029a776f4960 flushing  nmethod 0x0000029a006de990
Event: 30.276 Thread 0x0000029a776f4960 flushing  nmethod 0x0000029a006e0610
Event: 30.276 Thread 0x0000029a776f4960 flushing  nmethod 0x0000029a0072a010
Event: 30.276 Thread 0x0000029a776f4960 flushing  nmethod 0x0000029a0072b490
Event: 30.276 Thread 0x0000029a776f4960 flushing  nmethod 0x0000029a0072c610
Event: 30.276 Thread 0x0000029a776f4960 flushing  nmethod 0x0000029a00743910
Event: 30.276 Thread 0x0000029a776f4960 flushing  nmethod 0x0000029a007bd210
Event: 30.276 Thread 0x0000029a776f4960 flushing  nmethod 0x0000029a007bd690
Event: 30.276 Thread 0x0000029a776f4960 flushing  nmethod 0x0000029a007dd110
Event: 30.276 Thread 0x0000029a776f4960 flushing  nmethod 0x0000029a007ddc10
Event: 30.276 Thread 0x0000029a776f4960 flushing  nmethod 0x0000029a007def90
Event: 30.276 Thread 0x0000029a776f4960 flushing  nmethod 0x0000029a007dfa90
Event: 30.276 Thread 0x0000029a776f4960 flushing  nmethod 0x0000029a007dff90
Event: 30.276 Thread 0x0000029a776f4960 flushing  nmethod 0x0000029a007e0590
Event: 30.276 Thread 0x0000029a776f4960 flushing  nmethod 0x0000029a007fb490

Events (20 events):
Event: 30.158 Thread 0x0000029a7775b510 Thread added: 0x0000029a577a09b0
Event: 30.158 Thread 0x0000029a7775b510 Thread added: 0x0000029a577a23f0
Event: 30.159 Thread 0x0000029a7775b510 Thread added: 0x0000029a577a44c0
Event: 30.159 Thread 0x0000029a7775b510 Thread added: 0x0000029a577a2a80
Event: 30.159 Thread 0x0000029a7775b510 Thread added: 0x0000029a577a16d0
Event: 30.160 Thread 0x0000029a7775b510 Thread added: 0x0000029a577a37a0
Event: 30.160 Thread 0x0000029a7775b510 Thread added: 0x0000029a577a3110
Event: 30.160 Thread 0x0000029a7775b510 Thread added: 0x0000029a577a1d60
Event: 30.161 Thread 0x0000029a7775b510 Thread added: 0x0000029a577a1040
Event: 30.161 Thread 0x0000029a7775b510 Thread added: 0x0000029a577a4b50
Event: 30.161 Thread 0x0000029a7775b510 Thread added: 0x0000029a577a51e0
Event: 30.161 Thread 0x0000029a7775b510 Thread added: 0x0000029a577a5870
Event: 30.227 Thread 0x0000029a7775b510 Thread added: 0x0000029a577a5f00
Event: 30.556 Thread 0x0000029a7775b510 Thread added: 0x0000029a577a6590
Event: 30.556 Thread 0x0000029a7775b510 Thread added: 0x0000029a58fd3ca0
Event: 30.871 Thread 0x0000029a5779fc90 Thread added: 0x0000029a58fd56e0
Event: 31.352 Thread 0x0000029a58fd56e0 Thread added: 0x0000029a58fd4330
Event: 31.941 Thread 0x0000029a58fd4330 Thread added: 0x0000029a58fd77b0
Event: 33.835 Thread 0x0000029a563646b0 Thread exited: 0x0000029a563646b0
Event: 35.139 Thread 0x0000029a56d0ef90 Thread added: 0x0000029a57c2d440


Dynamic libraries:
0x00007ff781e60000 - 0x00007ff781e6e000 	c:\Users\Dilmina\.vscode\extensions\redhat.java-1.43.1-win32-x64\jre\21.0.7-win32-x86_64\bin\java.exe
0x00007ffab2800000 - 0x00007ffab2a68000 	C:\WINDOWS\SYSTEM32\ntdll.dll
0x00007ffab1a30000 - 0x00007ffab1af9000 	C:\WINDOWS\System32\KERNEL32.DLL
0x00007ffaafb60000 - 0x00007ffaaff4d000 	C:\WINDOWS\System32\KERNELBASE.dll
0x00007ffab00c0000 - 0x00007ffab020b000 	C:\WINDOWS\System32\ucrtbase.dll
0x00007ffa81930000 - 0x00007ffa81948000 	c:\Users\Dilmina\.vscode\extensions\redhat.java-1.43.1-win32-x64\jre\21.0.7-win32-x86_64\bin\jli.dll
0x00007ffab05a0000 - 0x00007ffab076c000 	C:\WINDOWS\System32\USER32.dll
0x00007ffaaff50000 - 0x00007ffaaff77000 	C:\WINDOWS\System32\win32u.dll
0x00007ffab0960000 - 0x00007ffab098b000 	C:\WINDOWS\System32\GDI32.dll
0x00007ffaaff80000 - 0x00007ffab00b7000 	C:\WINDOWS\System32\gdi32full.dll
0x00007ffaafab0000 - 0x00007ffaafb53000 	C:\WINDOWS\System32\msvcp_win.dll
0x00007ffaaa100000 - 0x00007ffaaa11e000 	c:\Users\Dilmina\.vscode\extensions\redhat.java-1.43.1-win32-x64\jre\21.0.7-win32-x86_64\bin\VCRUNTIME140.dll
0x00007ffa949f0000 - 0x00007ffa94c8a000 	C:\WINDOWS\WinSxS\amd64_microsoft.windows.common-controls_6595b64144ccf1df_6.0.26100.4484_none_3e0e6d4ce32ef3b3\COMCTL32.dll
0x00007ffab1d50000 - 0x00007ffab1df9000 	C:\WINDOWS\System32\msvcrt.dll
0x00007ffab2350000 - 0x00007ffab237f000 	C:\WINDOWS\System32\IMM32.DLL
0x00007ffaaa0f0000 - 0x00007ffaaa0fc000 	c:\Users\Dilmina\.vscode\extensions\redhat.java-1.43.1-win32-x64\jre\21.0.7-win32-x86_64\bin\vcruntime140_1.dll
0x00007ffa1b620000 - 0x00007ffa1b6ad000 	c:\Users\Dilmina\.vscode\extensions\redhat.java-1.43.1-win32-x64\jre\21.0.7-win32-x86_64\bin\msvcp140.dll
0x00007ff9dc9a0000 - 0x00007ff9dd730000 	c:\Users\Dilmina\.vscode\extensions\redhat.java-1.43.1-win32-x64\jre\21.0.7-win32-x86_64\bin\server\jvm.dll
0x00007ffab11a0000 - 0x00007ffab1254000 	C:\WINDOWS\System32\ADVAPI32.dll
0x00007ffab2290000 - 0x00007ffab2336000 	C:\WINDOWS\System32\sechost.dll
0x00007ffab0b70000 - 0x00007ffab0c88000 	C:\WINDOWS\System32\RPCRT4.dll
0x00007ffab1020000 - 0x00007ffab1094000 	C:\WINDOWS\System32\WS2_32.dll
0x00007ffaae530000 - 0x00007ffaae58e000 	C:\WINDOWS\SYSTEM32\POWRPROF.dll
0x00007ffaa2de0000 - 0x00007ffaa2e15000 	C:\WINDOWS\SYSTEM32\WINMM.dll
0x00007ffaa58f0000 - 0x00007ffaa58fb000 	C:\WINDOWS\SYSTEM32\VERSION.dll
0x00007ffaae4f0000 - 0x00007ffaae504000 	C:\WINDOWS\SYSTEM32\UMPDC.dll
0x00007ffaae7d0000 - 0x00007ffaae7eb000 	C:\WINDOWS\SYSTEM32\kernel.appcore.dll
0x00007ffa95ab0000 - 0x00007ffa95aba000 	c:\Users\Dilmina\.vscode\extensions\redhat.java-1.43.1-win32-x64\jre\21.0.7-win32-x86_64\bin\jimage.dll
0x00007ffaad2b0000 - 0x00007ffaad4f1000 	C:\WINDOWS\SYSTEM32\DBGHELP.DLL
0x00007ffab0c90000 - 0x00007ffab1016000 	C:\WINDOWS\System32\combase.dll
0x00007ffab0a80000 - 0x00007ffab0b60000 	C:\WINDOWS\System32\OLEAUT32.dll
0x00007ffa904a0000 - 0x00007ffa904e3000 	C:\WINDOWS\SYSTEM32\dbgcore.DLL
0x00007ffaafa10000 - 0x00007ffaafaa9000 	C:\WINDOWS\System32\bcryptPrimitives.dll
0x00007ffa93510000 - 0x00007ffa9351f000 	c:\Users\Dilmina\.vscode\extensions\redhat.java-1.43.1-win32-x64\jre\21.0.7-win32-x86_64\bin\instrument.dll
0x00007ffa81910000 - 0x00007ffa8192f000 	c:\Users\Dilmina\.vscode\extensions\redhat.java-1.43.1-win32-x64\jre\21.0.7-win32-x86_64\bin\java.dll
0x00007ffab12e0000 - 0x00007ffab1a2a000 	C:\WINDOWS\System32\SHELL32.dll
0x00007ffab0420000 - 0x00007ffab0594000 	C:\WINDOWS\System32\wintypes.dll
0x00007ffaad550000 - 0x00007ffaaddab000 	C:\WINDOWS\SYSTEM32\windows.storage.dll
0x00007ffab10a0000 - 0x00007ffab1195000 	C:\WINDOWS\System32\SHCORE.dll
0x00007ffab26f0000 - 0x00007ffab275a000 	C:\WINDOWS\System32\shlwapi.dll
0x00007ffaaf860000 - 0x00007ffaaf88f000 	C:\WINDOWS\SYSTEM32\profapi.dll
0x00007ffa818f0000 - 0x00007ffa81908000 	c:\Users\Dilmina\.vscode\extensions\redhat.java-1.43.1-win32-x64\jre\21.0.7-win32-x86_64\bin\zip.dll
0x00007ffa8f1c0000 - 0x00007ffa8f1d0000 	C:\Users\Dilmina\.vscode\extensions\redhat.java-1.43.1-win32-x64\jre\21.0.7-win32-x86_64\bin\net.dll
0x00007ffaa5fe0000 - 0x00007ffaa60fe000 	C:\WINDOWS\SYSTEM32\WINHTTP.dll
0x00007ffaaed40000 - 0x00007ffaaedaa000 	C:\WINDOWS\system32\mswsock.dll
0x00007ffa818d0000 - 0x00007ffa818e6000 	C:\Users\Dilmina\.vscode\extensions\redhat.java-1.43.1-win32-x64\jre\21.0.7-win32-x86_64\bin\nio.dll
0x00007ffa87d90000 - 0x00007ffa87da0000 	c:\Users\Dilmina\.vscode\extensions\redhat.java-1.43.1-win32-x64\jre\21.0.7-win32-x86_64\bin\verify.dll
0x00007ffa40bb0000 - 0x00007ffa40bf5000 	C:\Users\Dilmina\AppData\Roaming\Code\User\globalStorage\redhat.java\1.43.1\config_win\org.eclipse.equinox.launcher\org.eclipse.equinox.launcher.win32.win32.x86_64_1.2.1300.v20250331-1702\eclipse_11911.dll
0x00007ffab1ba0000 - 0x00007ffab1d3e000 	C:\WINDOWS\System32\ole32.dll
0x00007ffaaf120000 - 0x00007ffaaf13b000 	C:\WINDOWS\SYSTEM32\CRYPTSP.dll
0x00007ffaae730000 - 0x00007ffaae76b000 	C:\WINDOWS\system32\rsaenh.dll
0x00007ffaaede0000 - 0x00007ffaaee0b000 	C:\WINDOWS\SYSTEM32\USERENV.dll
0x00007ffaaf830000 - 0x00007ffaaf856000 	C:\WINDOWS\SYSTEM32\bcrypt.dll
0x00007ffaaef80000 - 0x00007ffaaef8c000 	C:\WINDOWS\SYSTEM32\CRYPTBASE.dll
0x00007ffaae110000 - 0x00007ffaae143000 	C:\WINDOWS\SYSTEM32\IPHLPAPI.DLL
0x00007ffab2340000 - 0x00007ffab234a000 	C:\WINDOWS\System32\NSI.dll
0x00007ffa7eff0000 - 0x00007ffa7f039000 	C:\Users\Dilmina\AppData\Local\Temp\jna--965106378\jna9807221969428219168.dll
0x00007ffab2760000 - 0x00007ffab2768000 	C:\WINDOWS\System32\PSAPI.DLL
0x00007ffaa6d60000 - 0x00007ffaa6d7f000 	C:\WINDOWS\SYSTEM32\dhcpcsvc6.DLL
0x00007ffaa6b40000 - 0x00007ffaa6b65000 	C:\WINDOWS\SYSTEM32\dhcpcsvc.DLL

dbghelp: loaded successfully - version: 4.0.5 - missing functions: none
symbol engine: initialized successfully - sym options: 0x614 - pdb path: .;c:\Users\Dilmina\.vscode\extensions\redhat.java-1.43.1-win32-x64\jre\21.0.7-win32-x86_64\bin;C:\WINDOWS\SYSTEM32;C:\WINDOWS\WinSxS\amd64_microsoft.windows.common-controls_6595b64144ccf1df_6.0.26100.4484_none_3e0e6d4ce32ef3b3;c:\Users\Dilmina\.vscode\extensions\redhat.java-1.43.1-win32-x64\jre\21.0.7-win32-x86_64\bin\server;C:\Users\Dilmina\AppData\Roaming\Code\User\globalStorage\redhat.java\1.43.1\config_win\org.eclipse.equinox.launcher\org.eclipse.equinox.launcher.win32.win32.x86_64_1.2.1300.v20250331-1702;C:\Users\Dilmina\AppData\Local\Temp\jna--965106378

VM Arguments:
jvm_args: --add-modules=ALL-SYSTEM --add-opens=java.base/java.util=ALL-UNNAMED --add-opens=java.base/java.lang=ALL-UNNAMED --add-opens=java.base/sun.nio.fs=ALL-UNNAMED -Declipse.application=org.eclipse.jdt.ls.core.id1 -Dosgi.bundles.defaultStartLevel=4 -Declipse.product=org.eclipse.jdt.ls.core.product -Djava.import.generatesMetadataFilesAtProjectRoot=false -DDetectVMInstallationsJob.disabled=true -Dfile.encoding=utf8 -XX:+UseParallelGC -XX:GCTimeRatio=4 -XX:AdaptiveSizePolicyWeight=90 -Dsun.zip.disableMemoryMapping=true -Xmx2G -Xms100m -Xlog:disable -javaagent:c:\Users\Dilmina\.vscode\extensions\redhat.java-1.43.1-win32-x64\lombok\lombok-1.18.39-4050.jar -XX:+HeapDumpOnOutOfMemoryError -XX:HeapDumpPath=c:\Users\Dilmina\AppData\Roaming\Code\User\workspaceStorage\3c79a4fafc384556b717170e4ebc356c\redhat.java -Daether.dependencyCollector.impl=bf 
java_command: c:\Users\Dilmina\.vscode\extensions\redhat.java-1.43.1-win32-x64\server\plugins\org.eclipse.equinox.launcher_1.7.0.v20250519-0528.jar -configuration c:\Users\Dilmina\AppData\Roaming\Code\User\globalStorage\redhat.java\1.43.1\config_win -data c:\Users\Dilmina\AppData\Roaming\Code\User\workspaceStorage\3c79a4fafc384556b717170e4ebc356c\redhat.java\jdt_ws --pipe=\\.\pipe\lsp-4dc317b006b6700c61893f5b15a282ea-sock
java_class_path (initial): c:\Users\Dilmina\.vscode\extensions\redhat.java-1.43.1-win32-x64\server\plugins\org.eclipse.equinox.launcher_1.7.0.v20250519-0528.jar
Launcher Type: SUN_STANDARD

[Global flags]
    uintx AdaptiveSizePolicyWeight                 = 90                                        {product} {command line}
     intx CICompilerCount                          = 4                                         {product} {ergonomic}
    uintx GCTimeRatio                              = 4                                         {product} {command line}
     bool HeapDumpOnOutOfMemoryError               = true                                   {manageable} {command line}
    ccstr HeapDumpPath                             = c:\Users\Dilmina\AppData\Roaming\Code\User\workspaceStorage\3c79a4fafc384556b717170e4ebc356c\redhat.java         {manageable} {command line}
   size_t InitialHeapSize                          = 104857600                                 {product} {command line}
   size_t MaxHeapSize                              = 2147483648                                {product} {command line}
   size_t MaxNewSize                               = 715653120                                 {product} {ergonomic}
   size_t MinHeapDeltaBytes                        = 524288                                    {product} {ergonomic}
   size_t MinHeapSize                              = 104857600                                 {product} {command line}
   size_t NewSize                                  = 34603008                                  {product} {ergonomic}
    uintx NonNMethodCodeHeapSize                   = 5839372                                {pd product} {ergonomic}
    uintx NonProfiledCodeHeapSize                  = 122909434                              {pd product} {ergonomic}
   size_t OldSize                                  = 70254592                                  {product} {ergonomic}
    uintx ProfiledCodeHeapSize                     = 122909434                              {pd product} {ergonomic}
    uintx ReservedCodeCacheSize                    = 251658240                              {pd product} {ergonomic}
     bool SegmentedCodeCache                       = true                                      {product} {ergonomic}
   size_t SoftMaxHeapSize                          = 2147483648                             {manageable} {ergonomic}
     bool UseCompressedOops                        = true                           {product lp64_product} {ergonomic}
     bool UseLargePagesIndividualAllocation        = false                                  {pd product} {ergonomic}
     bool UseParallelGC                            = true                                      {product} {command line}

Logging:
Log output configuration:
 #0: stdout all=off uptime,level,tags foldmultilines=false
 #1: stderr all=off uptime,level,tags foldmultilines=false

Environment Variables:
PATH=C:\Program Files\NVIDIA GPU Computing Toolkit\CUDA\v12.9\bin;C:\Program Files\NVIDIA GPU Computing Toolkit\CUDA\v12.9\libnvvp;C:\Program Files\Eclipse Adoptium\jdk-17.0.14.7-hotspot\bin;C:\Program Files\Common Files\Oracle\Java\javapath;C:\WINDOWS\system32;C:\WINDOWS;C:\WINDOWS\System32\Wbem;C:\WINDOWS\System32\WindowsPowerShell\v1.0\;C:\WINDOWS\System32\OpenSSH\;C:\Program Files\Java\jdk-17\bin;C:\Program Files\MongoDB\Server\8.0\bin;C:\Program Files\Docker\Docker\resources\bin;C:\apache-maven-3.9.9\bin;C:\Program Files\nodejs\;C:\Program Files\nodejs;C:\Program Files\Git\cmd;C:\Program Files\NVIDIA Corporation\NVIDIA App\NvDLISR;C:\Program Files\Microsoft SQL Server\Client SDK\ODBC\170\Tools\Binn\;C:\Program Files (x86)\Microsoft SQL Server\160\Tools\Binn\;C:\Program Files\Microsoft SQL Server\160\Tools\Binn\;C:\Program Files\Microsoft SQL Server\160\DTS\Binn\;C:\Program Files (x86)\Microsoft SQL Server\160\DTS\Binn\;C:\Program Files (x86)\NVIDIA Corporation\PhysX\Common;C:\Users\Dilmina\AppData\Local\Programs\Python\Python313;C:\Program Files\NVIDIA Corporation\Nsight Compute 2025.2.1\;C:\Users\Dilmina\AppData\Local\Programs\Python;C:\Users\Dilmina\AppData\Local\Packages\PythonSoftwareFoundation.Python.3.12_qbz5n2kfra8p0\LocalCache\local-packages\Python312\Scripts;C:\Users\Dilmina\AppData\Local\Programs\Python\Launcher\;C:\Users\Dilmina\AppData\Local\Microsoft\WindowsApps;C:\Users\Dilmina\AppData\Local\Programs\Microsoft VS Code\bin;C:\Users\Dilmina\AppData\Local\Programs\mongosh\;C:\Program Files\Java\jdk-17\bin;C:\Users\Dilmina\AppData\Roaming\npm;C:\Users\Dilmina\AppData\Local\GitHubDesktop\bin;C:\Users\Dilmina\AppData\Local\Programs\Python;
USERNAME=Dilmina
OS=Windows_NT
PROCESSOR_IDENTIFIER=Intel64 Family 6 Model 154 Stepping 3, GenuineIntel
TMP=C:\Users\Dilmina\AppData\Local\Temp
TEMP=C:\Users\Dilmina\AppData\Local\Temp




Periodic native trim disabled

---------------  S Y S T E M  ---------------

OS:
 Windows 11 , 64 bit Build 26100 (10.0.26100.4484)
OS uptime: 0 days 3:46 hours
Hyper-V role detected

CPU: total 12 (initial active 12) (6 cores per cpu, 2 threads per core) family 6 model 154 stepping 3 microcode 0x424, cx8, cmov, fxsr, ht, mmx, 3dnowpref, sse, sse2, sse3, ssse3, sse4.1, sse4.2, popcnt, lzcnt, tsc, tscinvbit, avx, avx2, aes, erms, clmul, bmi1, bmi2, adx, sha, fma, vzeroupper, clflush, clflushopt, clwb, hv, serialize, rdtscp, rdpid, fsrm, f16c, cet_ibt, cet_ss
Processor Information for processor 0
  Max Mhz: 2000, Current Mhz: 2000, Mhz Limit: 2000
Processor Information for processor 1
  Max Mhz: 2000, Current Mhz: 1520, Mhz Limit: 2000
Processor Information for processor 2
  Max Mhz: 2000, Current Mhz: 2000, Mhz Limit: 2000
Processor Information for processor 3
  Max Mhz: 2000, Current Mhz: 1520, Mhz Limit: 2000
Processor Information for processor 4
  Max Mhz: 2000, Current Mhz: 1520, Mhz Limit: 2000
Processor Information for processor 5
  Max Mhz: 2000, Current Mhz: 1520, Mhz Limit: 2000
Processor Information for processor 6
  Max Mhz: 2000, Current Mhz: 2000, Mhz Limit: 2000
Processor Information for processor 7
  Max Mhz: 2000, Current Mhz: 1520, Mhz Limit: 2000
Processor Information for processor 8
  Max Mhz: 2000, Current Mhz: 1466, Mhz Limit: 2000
Processor Information for processor 9
  Max Mhz: 2000, Current Mhz: 2000, Mhz Limit: 2000
Processor Information for processor 10
  Max Mhz: 2000, Current Mhz: 1466, Mhz Limit: 2000
Processor Information for processor 11
  Max Mhz: 2000, Current Mhz: 2000, Mhz Limit: 2000

Memory: 4k page, system-wide physical 7893M (729M free)
TotalPageFile size 16085M (AvailPageFile size 4M)
current process WorkingSet (physical memory assigned to process): 376M, peak: 384M
current process commit charge ("private bytes"): 1631M, peak: 1631M

vm_info: OpenJDK 64-Bit Server VM (21.0.7+6-LTS) for windows-amd64 JRE (21.0.7+6-LTS), built on 2025-04-15T00:00:00Z by "admin" with MS VC++ 17.7 (VS2022)

END.
