#
# There is insufficient memory for the Java Runtime Environment to continue.
# Native memory allocation (malloc) failed to allocate 1048576 bytes. Error detail: AllocateHeap
# Possible reasons:
#   The system is out of physical RAM or swap space
#   This process is running with CompressedOops enabled, and the Java Heap may be blocking the growth of the native heap
# Possible solutions:
#   Reduce memory load on the system
#   Increase physical memory or swap space
#   Check if swap backing store is full
#   Decrease Java heap size (-Xmx/-Xms)
#   Decrease number of Java threads
#   Decrease Java thread stack sizes (-Xss)
#   Set larger code cache with -XX:ReservedCodeCacheSize=
#   JVM is running with Unscaled Compressed Oops mode in which the Java heap is
#     placed in the first 4GB address space. The Java Heap base address is the
#     maximum limit for the native heap growth. Please use -XX:HeapBaseMinAddress
#     to set the Java Heap base and to place the Java Heap above 4GB virtual address.
# This output file may be truncated or incomplete.
#
#  Out of Memory Error (allocation.cpp:44), pid=4660, tid=23544
#
# JRE version: OpenJDK Runtime Environment Temurin-21.0.8+9 (21.0.8+9) (build 21.0.8+9-LTS)
# Java VM: OpenJDK 64-Bit Server VM Temurin-21.0.8+9 (21.0.8+9-LTS, mixed mode, sharing, tiered, compressed oops, compressed class ptrs, parallel gc, windows-amd64)
# No core dump will be written. Minidumps are not enabled by default on client versions of Windows
#

---------------  S U M M A R Y ------------

Command Line: --add-modules=ALL-SYSTEM --add-opens=java.base/java.util=ALL-UNNAMED --add-opens=java.base/java.lang=ALL-UNNAMED --add-opens=java.base/sun.nio.fs=ALL-UNNAMED -Declipse.application=org.eclipse.jdt.ls.core.id1 -Dosgi.bundles.defaultStartLevel=4 -Declipse.product=org.eclipse.jdt.ls.core.product -Djava.import.generatesMetadataFilesAtProjectRoot=false -DDetectVMInstallationsJob.disabled=true -Dfile.encoding=utf8 -XX:+UseParallelGC -XX:GCTimeRatio=4 -XX:AdaptiveSizePolicyWeight=90 -Dsun.zip.disableMemoryMapping=true -Xmx2G -Xms100m -Xlog:disable -javaagent:c:\Users\Dilmina\.vscode\extensions\redhat.java-1.44.0-win32-x64\lombok\lombok-1.18.39-4050.jar -XX:+HeapDumpOnOutOfMemoryError -XX:HeapDumpPath=c:\Users\Dilmina\AppData\Roaming\Code\User\workspaceStorage\23987856001c9bc796cfc0899e377e3b\redhat.java -Daether.dependencyCollector.impl=bf c:\Users\Dilmina\.vscode\extensions\redhat.java-1.44.0-win32-x64\server\plugins\org.eclipse.equinox.launcher_1.7.0.v20250519-0528.jar -configuration c:\Users\Dilmina\AppData\Roaming\Code\User\globalStorage\redhat.java\1.44.0\config_win -data c:\Users\Dilmina\AppData\Roaming\Code\User\workspaceStorage\23987856001c9bc796cfc0899e377e3b\redhat.java\jdt_ws --pipe=\\.\pipe\lsp-db353817733a90664dde843f9983a429-sock

Host: 12th Gen Intel(R) Core(TM) i5-12450H, 12 cores, 7G,  Windows 11 , 64 bit Build 26100 (10.0.26100.4768)
Time: Sat Aug 30 02:02:58 2025 Sri Lanka Standard Time elapsed time: 17714.222052 seconds (0d 4h 55m 14s)

---------------  T H R E A D  ---------------

Current thread (0x00000230cf3a7330):  JavaThread "Attach Listener" daemon [_thread_in_vm, id=23544, stack(0x0000003ba7400000,0x0000003ba7500000) (1024K)]

Stack: [0x0000003ba7400000,0x0000003ba7500000]
Native frames: (J=compiled Java code, j=interpreted, Vv=VM code, C=native code)
V  [jvm.dll+0x6d2449]
V  [jvm.dll+0x8ae341]
V  [jvm.dll+0x8b08be]
V  [jvm.dll+0x8b0fa3]
V  [jvm.dll+0x280c96]
V  [jvm.dll+0xc0347]
V  [jvm.dll+0x6d2cf9]
V  [jvm.dll+0x131116]
V  [jvm.dll+0x3f2d16]
V  [jvm.dll+0x857e6b]
V  [jvm.dll+0x6d0b0d]
C  [ucrtbase.dll+0x37b0]
C  [KERNEL32.DLL+0x2e8d7]
C  [ntdll.dll+0x3c34c]


---------------  P R O C E S S  ---------------

Threads class SMR info:
_java_thread_list=0x00000230f9b5cdc0, length=45, elements={
0x00000230cf303280, 0x00000230cf2ad280, 0x00000230cf3a0130, 0x00000230cf3a48d0,
0x00000230cf3a7330, 0x00000230cf3a92e0, 0x00000230cf3a9d30, 0x00000230cf3ab040,
0x00000230e70447a0, 0x00000230e70cf710, 0x00000230e734e0a0, 0x00000230ec3a8700,
0x00000230ec8841a0, 0x00000230ec8299b0, 0x00000230e705c7c0, 0x00000230eccb18f0,
0x00000230ec5f99d0, 0x00000230ec9fffa0, 0x00000230ec9fe560, 0x00000230ec9ff280,
0x00000230ed4724e0, 0x00000230ed46f060, 0x00000230ed46fd80, 0x00000230ed470410,
0x00000230ed472b70, 0x00000230ed4717c0, 0x00000230ed471e50, 0x00000230ed46f6f0,
0x00000230ed473200, 0x00000230ed473890, 0x00000230ed473f20, 0x00000230ed471130,
0x00000230ed470aa0, 0x00000230ed474c40, 0x00000230ed4752d0, 0x00000230ed475960,
0x00000230efae9ac0, 0x00000230efaea150, 0x00000230ec9ff910, 0x00000230eca00630,
0x00000230ec9fd840, 0x00000230ed476680, 0x00000230ed475ff0, 0x00000230f909b930,
0x00000230ef2ce3b0
}

Java Threads: ( => current thread )
  0x00000230cf303280 JavaThread "main"                              [_thread_blocked, id=23236, stack(0x0000003ba6d00000,0x0000003ba6e00000) (1024K)]
  0x00000230cf2ad280 JavaThread "Reference Handler"          daemon [_thread_blocked, id=20912, stack(0x0000003ba7100000,0x0000003ba7200000) (1024K)]
  0x00000230cf3a0130 JavaThread "Finalizer"                  daemon [_thread_blocked, id=23512, stack(0x0000003ba7200000,0x0000003ba7300000) (1024K)]
  0x00000230cf3a48d0 JavaThread "Signal Dispatcher"          daemon [_thread_blocked, id=4100, stack(0x0000003ba7300000,0x0000003ba7400000) (1024K)]
=>0x00000230cf3a7330 JavaThread "Attach Listener"            daemon [_thread_in_vm, id=23544, stack(0x0000003ba7400000,0x0000003ba7500000) (1024K)]
  0x00000230cf3a92e0 JavaThread "Service Thread"             daemon [_thread_blocked, id=22608, stack(0x0000003ba7500000,0x0000003ba7600000) (1024K)]
  0x00000230cf3a9d30 JavaThread "Monitor Deflation Thread"   daemon [_thread_blocked, id=21936, stack(0x0000003ba7600000,0x0000003ba7700000) (1024K)]
  0x00000230cf3ab040 JavaThread "C2 CompilerThread0"         daemon [_thread_blocked, id=6188, stack(0x0000003ba7700000,0x0000003ba7800000) (1024K)]
  0x00000230e70447a0 JavaThread "C1 CompilerThread0"         daemon [_thread_blocked, id=15488, stack(0x0000003ba7800000,0x0000003ba7900000) (1024K)]
  0x00000230e70cf710 JavaThread "Common-Cleaner"             daemon [_thread_blocked, id=15576, stack(0x0000003ba7900000,0x0000003ba7a00000) (1024K)]
  0x00000230e734e0a0 JavaThread "Notification Thread"        daemon [_thread_blocked, id=22604, stack(0x0000003ba7a00000,0x0000003ba7b00000) (1024K)]
  0x00000230ec3a8700 JavaThread "Active Thread: Equinox Container: c5aaf3f5-c734-4b6b-bb66-6908f1bc3648"        [_thread_blocked, id=23184, stack(0x0000003ba8200000,0x0000003ba8300000) (1024K)]
  0x00000230ec8841a0 JavaThread "Refresh Thread: Equinox Container: c5aaf3f5-c734-4b6b-bb66-6908f1bc3648" daemon [_thread_blocked, id=17608, stack(0x0000003ba7b00000,0x0000003ba7c00000) (1024K)]
  0x00000230ec8299b0 JavaThread "Framework Event Dispatcher: Equinox Container: c5aaf3f5-c734-4b6b-bb66-6908f1bc3648" daemon [_thread_blocked, id=5052, stack(0x0000003ba8400000,0x0000003ba8500000) (1024K)]
  0x00000230e705c7c0 JavaThread "Start Level: Equinox Container: c5aaf3f5-c734-4b6b-bb66-6908f1bc3648" daemon [_thread_blocked, id=15688, stack(0x0000003ba8500000,0x0000003ba8600000) (1024K)]
  0x00000230eccb18f0 JavaThread "Bundle File Closer"         daemon [_thread_blocked, id=17540, stack(0x0000003ba8800000,0x0000003ba8900000) (1024K)]
  0x00000230ec5f99d0 JavaThread "SCR Component Actor"        daemon [_thread_blocked, id=21760, stack(0x0000003ba6b00000,0x0000003ba6c00000) (1024K)]
  0x00000230ec9fffa0 JavaThread "Worker-JM"                         [_thread_blocked, id=19412, stack(0x0000003ba8a00000,0x0000003ba8b00000) (1024K)]
  0x00000230ec9fe560 JavaThread "JNA Cleaner"                daemon [_thread_blocked, id=9008, stack(0x0000003ba8c00000,0x0000003ba8d00000) (1024K)]
  0x00000230ec9ff280 JavaThread "Java indexing"              daemon [_thread_blocked, id=4056, stack(0x0000003ba9100000,0x0000003ba9200000) (1024K)]
  0x00000230ed4724e0 JavaThread "Thread-2"                   daemon [_thread_in_native, id=2728, stack(0x0000003ba9600000,0x0000003ba9700000) (1024K)]
  0x00000230ed46f060 JavaThread "Thread-3"                   daemon [_thread_in_native, id=18364, stack(0x0000003ba9700000,0x0000003ba9800000) (1024K)]
  0x00000230ed46fd80 JavaThread "Thread-4"                   daemon [_thread_in_native, id=2392, stack(0x0000003ba9800000,0x0000003ba9900000) (1024K)]
  0x00000230ed470410 JavaThread "Thread-5"                   daemon [_thread_in_native, id=4028, stack(0x0000003ba9900000,0x0000003ba9a00000) (1024K)]
  0x00000230ed472b70 JavaThread "Thread-6"                   daemon [_thread_in_native, id=18108, stack(0x0000003ba9a00000,0x0000003ba9b00000) (1024K)]
  0x00000230ed4717c0 JavaThread "Thread-7"                   daemon [_thread_in_native, id=2828, stack(0x0000003ba9b00000,0x0000003ba9c00000) (1024K)]
  0x00000230ed471e50 JavaThread "Thread-8"                   daemon [_thread_in_native, id=2904, stack(0x0000003ba9c00000,0x0000003ba9d00000) (1024K)]
  0x00000230ed46f6f0 JavaThread "Thread-9"                   daemon [_thread_in_native, id=2748, stack(0x0000003ba9d00000,0x0000003ba9e00000) (1024K)]
  0x00000230ed473200 JavaThread "Thread-10"                  daemon [_thread_in_native, id=2960, stack(0x0000003ba9e00000,0x0000003ba9f00000) (1024K)]
  0x00000230ed473890 JavaThread "Thread-11"                  daemon [_thread_in_native, id=2816, stack(0x0000003ba9f00000,0x0000003baa000000) (1024K)]
  0x00000230ed473f20 JavaThread "Thread-12"                  daemon [_thread_in_native, id=5128, stack(0x0000003baa000000,0x0000003baa100000) (1024K)]
  0x00000230ed471130 JavaThread "Thread-13"                  daemon [_thread_in_native, id=2760, stack(0x0000003baa100000,0x0000003baa200000) (1024K)]
  0x00000230ed470aa0 JavaThread "Thread-14"                  daemon [_thread_in_native, id=22004, stack(0x0000003baa200000,0x0000003baa300000) (1024K)]
  0x00000230ed474c40 JavaThread "pool-2-thread-1"                   [_thread_blocked, id=16448, stack(0x0000003baa300000,0x0000003baa400000) (1024K)]
  0x00000230ed4752d0 JavaThread "WorkspaceEventsHandler"            [_thread_blocked, id=13256, stack(0x0000003baa600000,0x0000003baa700000) (1024K)]
  0x00000230ed475960 JavaThread "pool-1-thread-1"                   [_thread_blocked, id=14564, stack(0x0000003baa700000,0x0000003baa800000) (1024K)]
  0x00000230efae9ac0 JavaThread "Cleaner-0"                  daemon [_thread_blocked, id=15168, stack(0x0000003ba8d00000,0x0000003ba8e00000) (1024K)]
  0x00000230efaea150 JavaThread "Java Debug Server"          daemon [_thread_in_native, id=18616, stack(0x0000003ba8e00000,0x0000003ba8f00000) (1024K)]
  0x00000230ec9ff910 JavaThread "pool-5-thread-1"                   [_thread_in_native, id=18688, stack(0x0000003ba9300000,0x0000003ba9400000) (1024K)]
  0x00000230eca00630 JavaThread "RxSchedulerPurge-1"         daemon [_thread_blocked, id=18256, stack(0x0000003ba9400000,0x0000003ba9500000) (1024K)]
  0x00000230ec9fd840 JavaThread "RxCachedWorkerPoolEvictor-1" daemon [_thread_blocked, id=2088, stack(0x0000003ba9500000,0x0000003ba9600000) (1024K)]
  0x00000230ed476680 JavaThread "RxNewThreadScheduler-1"     daemon [_thread_blocked, id=13572, stack(0x0000003baa900000,0x0000003baaa00000) (1024K)]
  0x00000230ed475ff0 JavaThread "process reaper (pid 18340)" daemon [_thread_in_native, id=2924, stack(0x0000003ba6790000,0x0000003ba67b0000) (128K)]
  0x00000230f909b930 JavaThread "Worker-19"                         [_thread_blocked, id=24472, stack(0x0000003ba6c00000,0x0000003ba6d00000) (1024K)]
  0x00000230ef2ce3b0 JavaThread "Worker-21"                         [_thread_blocked, id=22820, stack(0x0000003baaf00000,0x0000003bab000000) (1024K)]
Total: 45

Other Threads:
  0x00000230cf2949c0 VMThread "VM Thread"                           [id=22500, stack(0x0000003ba7000000,0x0000003ba7100000) (1024K)]
  0x00000230cf18cb20 WatcherThread "VM Periodic Task Thread"        [id=12520, stack(0x0000003ba6f00000,0x0000003ba7000000) (1024K)]
  0x00000230cf321260 WorkerThread "GC Thread#0"                     [id=23256, stack(0x0000003ba6e00000,0x0000003ba6f00000) (1024K)]
  0x00000230ec314210 WorkerThread "GC Thread#1"                     [id=17884, stack(0x0000003ba7c00000,0x0000003ba7d00000) (1024K)]
  0x00000230ec86b870 WorkerThread "GC Thread#2"                     [id=22832, stack(0x0000003ba7d00000,0x0000003ba7e00000) (1024K)]
  0x00000230ec86bc10 WorkerThread "GC Thread#3"                     [id=21312, stack(0x0000003ba7e00000,0x0000003ba7f00000) (1024K)]
  0x00000230ec64e2c0 WorkerThread "GC Thread#4"                     [id=6724, stack(0x0000003ba7f00000,0x0000003ba8000000) (1024K)]
  0x00000230ec64e660 WorkerThread "GC Thread#5"                     [id=12308, stack(0x0000003ba8000000,0x0000003ba8100000) (1024K)]
  0x00000230ec64ea00 WorkerThread "GC Thread#6"                     [id=22092, stack(0x0000003ba8100000,0x0000003ba8200000) (1024K)]
  0x00000230ec884800 WorkerThread "GC Thread#7"                     [id=18380, stack(0x0000003ba8300000,0x0000003ba8400000) (1024K)]
  0x00000230e7175620 WorkerThread "GC Thread#8"                     [id=928, stack(0x0000003ba8600000,0x0000003ba8700000) (1024K)]
  0x00000230e7174ee0 WorkerThread "GC Thread#9"                     [id=14076, stack(0x0000003ba8700000,0x0000003ba8800000) (1024K)]
Total: 12

Threads with active compile tasks:
Total: 0

VM state: not at safepoint (normal execution)

VM Mutex/Monitor currently owned by a thread: None

Heap address: 0x0000000080000000, size: 2048 MB, Compressed Oops mode: 32-bit

CDS archive(s) mapped at: [0x0000023080000000-0x0000023080ba0000-0x0000023080ba0000), size 12189696, SharedBaseAddress: 0x0000023080000000, ArchiveRelocationMode: 1.
Compressed class space mapped at: 0x0000023081000000-0x00000230c1000000, reserved size: 1073741824
Narrow klass base: 0x0000023080000000, Narrow klass shift: 0, Narrow klass range: 0x100000000

GC Precious Log:
 CardTable entry size: 512
 CPUs: 12 total, 12 available
 Memory: 7893M
 Large Page Support: Disabled
 NUMA Support: Disabled
 Compressed Oops: Enabled (32-bit)
 Alignments: Space 512K, Generation 512K, Heap 2M
 Heap Min Capacity: 100M
 Heap Initial Capacity: 100M
 Heap Max Capacity: 2G
 Pre-touch: Disabled
 Parallel Workers: 10

Heap:
 PSYoungGen      total 5120K, used 1490K [0x00000000d5580000, 0x00000000d5b80000, 0x0000000100000000)
  eden space 4608K, 27% used [0x00000000d5580000,0x00000000d56bc948,0x00000000d5a00000)
  from space 512K, 43% used [0x00000000d5b00000,0x00000000d5b38000,0x00000000d5b80000)
  to   space 512K, 0% used [0x00000000d5a80000,0x00000000d5a80000,0x00000000d5b00000)
 ParOldGen       total 826880K, used 170535K [0x0000000080000000, 0x00000000b2780000, 0x00000000d5580000)
  object space 826880K, 20% used [0x0000000080000000,0x000000008a689dd0,0x00000000b2780000)
 Metaspace       used 89272K, committed 91648K, reserved 1179648K
  class space    used 9025K, committed 9984K, reserved 1048576K

Card table byte_map: [0x00000230ceca0000,0x00000230cf0b0000] _byte_map_base: 0x00000230ce8a0000

Marking Bits: (ParMarkBitMap*) 0x00007ff91896a340
 Begin Bits: [0x00000230e17a0000, 0x00000230e37a0000)
 End Bits:   [0x00000230e37a0000, 0x00000230e57a0000)

Polling page: 0x00000230cd120000

Metaspace:

Usage:
  Non-class:     78.37 MB used.
      Class:      8.81 MB used.
       Both:     87.18 MB used.

Virtual space:
  Non-class space:      128.00 MB reserved,      79.75 MB ( 62%) committed,  2 nodes.
      Class space:        1.00 GB reserved,       9.75 MB ( <1%) committed,  1 nodes.
             Both:        1.12 GB reserved,      89.50 MB (  8%) committed. 

Chunk freelists:
   Non-Class:  16.14 MB
       Class:  6.46 MB
        Both:  22.61 MB

MaxMetaspaceSize: unlimited
CompressedClassSpaceSize: 1.00 GB
Initial GC threshold: 21.00 MB
Current GC threshold: 149.06 MB
CDS: on
 - commit_granule_bytes: 65536.
 - commit_granule_words: 8192.
 - virtual_space_node_default_size: 8388608.
 - enlarge_chunks_in_place: 1.
 - use_allocation_guard: 0.


Internal statistics:

num_allocs_failed_limit: 13.
num_arena_births: 1790.
num_arena_deaths: 600.
num_vsnodes_births: 3.
num_vsnodes_deaths: 0.
num_space_committed: 1432.
num_space_uncommitted: 0.
num_chunks_returned_to_freelist: 719.
num_chunks_taken_from_freelist: 6095.
num_chunk_merges: 224.
num_chunk_splits: 3708.
num_chunks_enlarged: 2064.
num_inconsistent_stats: 0.

CodeHeap 'non-profiled nmethods': size=120000Kb used=19546Kb max_used=23047Kb free=100453Kb
 bounds [0x00000230d9fc0000, 0x00000230db650000, 0x00000230e14f0000]
CodeHeap 'profiled nmethods': size=120000Kb used=41832Kb max_used=50080Kb free=78167Kb
 bounds [0x00000230d24f0000, 0x00000230d55e0000, 0x00000230d9a20000]
CodeHeap 'non-nmethods': size=5760Kb used=1542Kb max_used=1613Kb free=4217Kb
 bounds [0x00000230d9a20000, 0x00000230d9c90000, 0x00000230d9fc0000]
CodeCache: size=245760Kb, used=62920Kb, max_used=74740Kb, free=182837Kb
 total_blobs=18454, nmethods=17586, adapters=769, full_count=0
Compilation: enabled, stopped_count=0, restarted_count=0

Compilation events (20 events):
Event: 15381.038 Thread 0x00000230cf3ab040 22513       4       org.eclipse.core.runtime.Path::setDevice (73 bytes)
Event: 15381.084 Thread 0x00000230cf3ab040 nmethod 22513 0x00000230da710810 code [0x00000230da7109e0, 0x00000230da710dd0]
Event: 15417.155 Thread 0x00000230cf3ab040 22514       4       sun.nio.ch.WindowsAsynchronousFileChannelImpl::getByOverlapped (9 bytes)
Event: 15417.219 Thread 0x00000230cf3ab040 nmethod 22514 0x00000230da3ea690 code [0x00000230da3ea8a0, 0x00000230da3eb250]
Event: 15417.219 Thread 0x00000230cf3ab040 22515       4       sun.nio.ch.Invoker::invokeUnchecked (47 bytes)
Event: 15417.238 Thread 0x00000230cf3ab040 nmethod 22515 0x00000230da68c110 code [0x00000230da68c2a0, 0x00000230da68c370]
Event: 15488.040 Thread 0x00000230cf3ab040 22516       4       org.eclipse.core.runtime.Path::makeUNC (57 bytes)
Event: 15488.062 Thread 0x00000230cf3ab040 nmethod 22516 0x00000230da70b110 code [0x00000230da70b2a0, 0x00000230da70b378]
Event: 15488.063 Thread 0x00000230cf3ab040 22517       4       org.eclipse.core.runtime.Path::isValidSegment (62 bytes)
Event: 15488.101 Thread 0x00000230cf3ab040 nmethod 22517 0x00000230d9fccd90 code [0x00000230d9fccf40, 0x00000230d9fcd158]
Event: 15526.720 Thread 0x00000230cf3ab040 22518       4       org.eclipse.core.filesystem.provider.FileInfo::setAttribute (100 bytes)
Event: 15526.740 Thread 0x00000230cf3ab040 nmethod 22518 0x00000230da7b2c90 code [0x00000230da7b2e20, 0x00000230da7b2f40]
Event: 15555.569 Thread 0x00000230cf3ab040 22519       4       java.nio.charset.CharsetDecoder::implReset (1 bytes)
Event: 15555.625 Thread 0x00000230cf3ab040 nmethod 22519 0x00000230da01f590 code [0x00000230da01f720, 0x00000230da01f7a8]
Event: 15637.642 Thread 0x00000230e70447a0 22520       3       io.reactivex.internal.schedulers.IoScheduler$CachedWorkerPool::run (5 bytes)
Event: 15637.645 Thread 0x00000230e70447a0 nmethod 22520 0x00000230d25a7e90 code [0x00000230d25a8040, 0x00000230d25a8178]
Event: 15637.645 Thread 0x00000230e70447a0 22521       3       io.reactivex.internal.schedulers.IoScheduler$CachedWorkerPool::evictExpiredWorkers (79 bytes)
Event: 15637.677 Thread 0x00000230e70447a0 nmethod 22521 0x00000230d2510c10 code [0x00000230d2510ea0, 0x00000230d2511960]
Event: 17567.372 Thread 0x00000230cf3ab040 22522       4       java.nio.charset.CharsetDecoder::reset (11 bytes)
Event: 17567.446 Thread 0x00000230cf3ab040 nmethod 22522 0x00000230da020310 code [0x00000230da0204a0, 0x00000230da020560]

GC Heap History (20 events):
Event: 12831.735 GC heap before
{Heap before GC invocations=2866 (full 5):
 PSYoungGen      total 5632K, used 5193K [0x00000000d5580000, 0x00000000d5c00000, 0x0000000100000000)
  eden space 4608K, 100% used [0x00000000d5580000,0x00000000d5a00000,0x00000000d5a00000)
  from space 1024K, 57% used [0x00000000d5b00000,0x00000000d5b92400,0x00000000d5c00000)
  to   space 1024K, 0% used [0x00000000d5a00000,0x00000000d5a00000,0x00000000d5b00000)
 ParOldGen       total 826880K, used 167013K [0x0000000080000000, 0x00000000b2780000, 0x00000000d5580000)
  object space 826880K, 20% used [0x0000000080000000,0x000000008a3194f0,0x00000000b2780000)
 Metaspace       used 89251K, committed 91648K, reserved 1179648K
  class space    used 9025K, committed 9984K, reserved 1048576K
}
Event: 12831.736 GC heap after
{Heap after GC invocations=2866 (full 5):
 PSYoungGen      total 5632K, used 640K [0x00000000d5580000, 0x00000000d5c00000, 0x0000000100000000)
  eden space 4608K, 0% used [0x00000000d5580000,0x00000000d5580000,0x00000000d5a00000)
  from space 1024K, 62% used [0x00000000d5a00000,0x00000000d5aa0000,0x00000000d5b00000)
  to   space 1024K, 0% used [0x00000000d5b00000,0x00000000d5b00000,0x00000000d5c00000)
 ParOldGen       total 826880K, used 167472K [0x0000000080000000, 0x00000000b2780000, 0x00000000d5580000)
  object space 826880K, 20% used [0x0000000080000000,0x000000008a38c348,0x00000000b2780000)
 Metaspace       used 89251K, committed 91648K, reserved 1179648K
  class space    used 9025K, committed 9984K, reserved 1048576K
}
Event: 12831.764 GC heap before
{Heap before GC invocations=2867 (full 5):
 PSYoungGen      total 5632K, used 5248K [0x00000000d5580000, 0x00000000d5c00000, 0x0000000100000000)
  eden space 4608K, 100% used [0x00000000d5580000,0x00000000d5a00000,0x00000000d5a00000)
  from space 1024K, 62% used [0x00000000d5a00000,0x00000000d5aa0000,0x00000000d5b00000)
  to   space 1024K, 0% used [0x00000000d5b00000,0x00000000d5b00000,0x00000000d5c00000)
 ParOldGen       total 826880K, used 167472K [0x0000000080000000, 0x00000000b2780000, 0x00000000d5580000)
  object space 826880K, 20% used [0x0000000080000000,0x000000008a38c348,0x00000000b2780000)
 Metaspace       used 89252K, committed 91648K, reserved 1179648K
  class space    used 9025K, committed 9984K, reserved 1048576K
}
Event: 12831.765 GC heap after
{Heap after GC invocations=2867 (full 5):
 PSYoungGen      total 5120K, used 425K [0x00000000d5580000, 0x00000000d5b80000, 0x0000000100000000)
  eden space 4608K, 0% used [0x00000000d5580000,0x00000000d5580000,0x00000000d5a00000)
  from space 512K, 83% used [0x00000000d5b00000,0x00000000d5b6a400,0x00000000d5b80000)
  to   space 512K, 0% used [0x00000000d5a80000,0x00000000d5a80000,0x00000000d5b00000)
 ParOldGen       total 826880K, used 168028K [0x0000000080000000, 0x00000000b2780000, 0x00000000d5580000)
  object space 826880K, 20% used [0x0000000080000000,0x000000008a417358,0x00000000b2780000)
 Metaspace       used 89252K, committed 91648K, reserved 1179648K
  class space    used 9025K, committed 9984K, reserved 1048576K
}
Event: 12831.777 GC heap before
{Heap before GC invocations=2868 (full 5):
 PSYoungGen      total 5120K, used 5033K [0x00000000d5580000, 0x00000000d5b80000, 0x0000000100000000)
  eden space 4608K, 100% used [0x00000000d5580000,0x00000000d5a00000,0x00000000d5a00000)
  from space 512K, 83% used [0x00000000d5b00000,0x00000000d5b6a400,0x00000000d5b80000)
  to   space 512K, 0% used [0x00000000d5a80000,0x00000000d5a80000,0x00000000d5b00000)
 ParOldGen       total 826880K, used 168028K [0x0000000080000000, 0x00000000b2780000, 0x00000000d5580000)
  object space 826880K, 20% used [0x0000000080000000,0x000000008a417358,0x00000000b2780000)
 Metaspace       used 89254K, committed 91648K, reserved 1179648K
  class space    used 9025K, committed 9984K, reserved 1048576K
}
Event: 12831.779 GC heap after
{Heap after GC invocations=2868 (full 5):
 PSYoungGen      total 5120K, used 512K [0x00000000d5580000, 0x00000000d5c00000, 0x0000000100000000)
  eden space 4608K, 0% used [0x00000000d5580000,0x00000000d5580000,0x00000000d5a00000)
  from space 512K, 100% used [0x00000000d5a80000,0x00000000d5b00000,0x00000000d5b00000)
  to   space 1024K, 0% used [0x00000000d5b00000,0x00000000d5b00000,0x00000000d5c00000)
 ParOldGen       total 826880K, used 168301K [0x0000000080000000, 0x00000000b2780000, 0x00000000d5580000)
  object space 826880K, 20% used [0x0000000080000000,0x000000008a45b758,0x00000000b2780000)
 Metaspace       used 89254K, committed 91648K, reserved 1179648K
  class space    used 9025K, committed 9984K, reserved 1048576K
}
Event: 12831.852 GC heap before
{Heap before GC invocations=2869 (full 5):
 PSYoungGen      total 5120K, used 5120K [0x00000000d5580000, 0x00000000d5c00000, 0x0000000100000000)
  eden space 4608K, 100% used [0x00000000d5580000,0x00000000d5a00000,0x00000000d5a00000)
  from space 512K, 100% used [0x00000000d5a80000,0x00000000d5b00000,0x00000000d5b00000)
  to   space 1024K, 0% used [0x00000000d5b00000,0x00000000d5b00000,0x00000000d5c00000)
 ParOldGen       total 826880K, used 168301K [0x0000000080000000, 0x00000000b2780000, 0x00000000d5580000)
  object space 826880K, 20% used [0x0000000080000000,0x000000008a45b758,0x00000000b2780000)
 Metaspace       used 89254K, committed 91648K, reserved 1179648K
  class space    used 9025K, committed 9984K, reserved 1048576K
}
Event: 12831.854 GC heap after
{Heap after GC invocations=2869 (full 5):
 PSYoungGen      total 5632K, used 681K [0x00000000d5580000, 0x00000000d5c00000, 0x0000000100000000)
  eden space 4608K, 0% used [0x00000000d5580000,0x00000000d5580000,0x00000000d5a00000)
  from space 1024K, 66% used [0x00000000d5b00000,0x00000000d5baa400,0x00000000d5c00000)
  to   space 1024K, 0% used [0x00000000d5a00000,0x00000000d5a00000,0x00000000d5b00000)
 ParOldGen       total 826880K, used 168773K [0x0000000080000000, 0x00000000b2780000, 0x00000000d5580000)
  object space 826880K, 20% used [0x0000000080000000,0x000000008a4d1778,0x00000000b2780000)
 Metaspace       used 89254K, committed 91648K, reserved 1179648K
  class space    used 9025K, committed 9984K, reserved 1048576K
}
Event: 12831.862 GC heap before
{Heap before GC invocations=2870 (full 5):
 PSYoungGen      total 5632K, used 5289K [0x00000000d5580000, 0x00000000d5c00000, 0x0000000100000000)
  eden space 4608K, 100% used [0x00000000d5580000,0x00000000d5a00000,0x00000000d5a00000)
  from space 1024K, 66% used [0x00000000d5b00000,0x00000000d5baa400,0x00000000d5c00000)
  to   space 1024K, 0% used [0x00000000d5a00000,0x00000000d5a00000,0x00000000d5b00000)
 ParOldGen       total 826880K, used 168773K [0x0000000080000000, 0x00000000b2780000, 0x00000000d5580000)
  object space 826880K, 20% used [0x0000000080000000,0x000000008a4d1778,0x00000000b2780000)
 Metaspace       used 89254K, committed 91648K, reserved 1179648K
  class space    used 9025K, committed 9984K, reserved 1048576K
}
Event: 12831.864 GC heap after
{Heap after GC invocations=2870 (full 5):
 PSYoungGen      total 5632K, used 521K [0x00000000d5580000, 0x00000000d5c00000, 0x0000000100000000)
  eden space 4608K, 0% used [0x00000000d5580000,0x00000000d5580000,0x00000000d5a00000)
  from space 1024K, 50% used [0x00000000d5a00000,0x00000000d5a82400,0x00000000d5b00000)
  to   space 1024K, 0% used [0x00000000d5b00000,0x00000000d5b00000,0x00000000d5c00000)
 ParOldGen       total 826880K, used 169309K [0x0000000080000000, 0x00000000b2780000, 0x00000000d5580000)
  object space 826880K, 20% used [0x0000000080000000,0x000000008a557400,0x00000000b2780000)
 Metaspace       used 89254K, committed 91648K, reserved 1179648K
  class space    used 9025K, committed 9984K, reserved 1048576K
}
Event: 12831.869 GC heap before
{Heap before GC invocations=2871 (full 5):
 PSYoungGen      total 5632K, used 5129K [0x00000000d5580000, 0x00000000d5c00000, 0x0000000100000000)
  eden space 4608K, 100% used [0x00000000d5580000,0x00000000d5a00000,0x00000000d5a00000)
  from space 1024K, 50% used [0x00000000d5a00000,0x00000000d5a82400,0x00000000d5b00000)
  to   space 1024K, 0% used [0x00000000d5b00000,0x00000000d5b00000,0x00000000d5c00000)
 ParOldGen       total 826880K, used 169309K [0x0000000080000000, 0x00000000b2780000, 0x00000000d5580000)
  object space 826880K, 20% used [0x0000000080000000,0x000000008a557400,0x00000000b2780000)
 Metaspace       used 89254K, committed 91648K, reserved 1179648K
  class space    used 9025K, committed 9984K, reserved 1048576K
}
Event: 12831.871 GC heap after
{Heap after GC invocations=2871 (full 5):
 PSYoungGen      total 5632K, used 768K [0x00000000d5580000, 0x00000000d5c00000, 0x0000000100000000)
  eden space 4608K, 0% used [0x00000000d5580000,0x00000000d5580000,0x00000000d5a00000)
  from space 1024K, 75% used [0x00000000d5b00000,0x00000000d5bc0000,0x00000000d5c00000)
  to   space 1024K, 0% used [0x00000000d5a00000,0x00000000d5a00000,0x00000000d5b00000)
 ParOldGen       total 826880K, used 169698K [0x0000000080000000, 0x00000000b2780000, 0x00000000d5580000)
  object space 826880K, 20% used [0x0000000080000000,0x000000008a5b8ad8,0x00000000b2780000)
 Metaspace       used 89254K, committed 91648K, reserved 1179648K
  class space    used 9025K, committed 9984K, reserved 1048576K
}
Event: 12832.213 GC heap before
{Heap before GC invocations=2872 (full 5):
 PSYoungGen      total 5632K, used 5376K [0x00000000d5580000, 0x00000000d5c00000, 0x0000000100000000)
  eden space 4608K, 100% used [0x00000000d5580000,0x00000000d5a00000,0x00000000d5a00000)
  from space 1024K, 75% used [0x00000000d5b00000,0x00000000d5bc0000,0x00000000d5c00000)
  to   space 1024K, 0% used [0x00000000d5a00000,0x00000000d5a00000,0x00000000d5b00000)
 ParOldGen       total 826880K, used 169698K [0x0000000080000000, 0x00000000b2780000, 0x00000000d5580000)
  object space 826880K, 20% used [0x0000000080000000,0x000000008a5b8ad8,0x00000000b2780000)
 Metaspace       used 89264K, committed 91648K, reserved 1179648K
  class space    used 9025K, committed 9984K, reserved 1048576K
}
Event: 12832.214 GC heap after
{Heap after GC invocations=2872 (full 5):
 PSYoungGen      total 5632K, used 384K [0x00000000d5580000, 0x00000000d5c00000, 0x0000000100000000)
  eden space 4608K, 0% used [0x00000000d5580000,0x00000000d5580000,0x00000000d5a00000)
  from space 1024K, 37% used [0x00000000d5a00000,0x00000000d5a60000,0x00000000d5b00000)
  to   space 1024K, 0% used [0x00000000d5b00000,0x00000000d5b00000,0x00000000d5c00000)
 ParOldGen       total 826880K, used 170254K [0x0000000080000000, 0x00000000b2780000, 0x00000000d5580000)
  object space 826880K, 20% used [0x0000000080000000,0x000000008a643ae8,0x00000000b2780000)
 Metaspace       used 89264K, committed 91648K, reserved 1179648K
  class space    used 9025K, committed 9984K, reserved 1048576K
}
Event: 15099.299 GC heap before
{Heap before GC invocations=2873 (full 5):
 PSYoungGen      total 5632K, used 4991K [0x00000000d5580000, 0x00000000d5c00000, 0x0000000100000000)
  eden space 4608K, 99% used [0x00000000d5580000,0x00000000d59fffe8,0x00000000d5a00000)
  from space 1024K, 37% used [0x00000000d5a00000,0x00000000d5a60000,0x00000000d5b00000)
  to   space 1024K, 0% used [0x00000000d5b00000,0x00000000d5b00000,0x00000000d5c00000)
 ParOldGen       total 826880K, used 170254K [0x0000000080000000, 0x00000000b2780000, 0x00000000d5580000)
  object space 826880K, 20% used [0x0000000080000000,0x000000008a643ae8,0x00000000b2780000)
 Metaspace       used 89267K, committed 91648K, reserved 1179648K
  class space    used 9025K, committed 9984K, reserved 1048576K
}
Event: 15099.465 GC heap after
{Heap after GC invocations=2873 (full 5):
 PSYoungGen      total 5120K, used 288K [0x00000000d5580000, 0x00000000d5b80000, 0x0000000100000000)
  eden space 4608K, 0% used [0x00000000d5580000,0x00000000d5580000,0x00000000d5a00000)
  from space 512K, 56% used [0x00000000d5b00000,0x00000000d5b48000,0x00000000d5b80000)
  to   space 512K, 0% used [0x00000000d5a80000,0x00000000d5a80000,0x00000000d5b00000)
 ParOldGen       total 826880K, used 170487K [0x0000000080000000, 0x00000000b2780000, 0x00000000d5580000)
  object space 826880K, 20% used [0x0000000080000000,0x000000008a67ddd0,0x00000000b2780000)
 Metaspace       used 89267K, committed 91648K, reserved 1179648K
  class space    used 9025K, committed 9984K, reserved 1048576K
}
Event: 15423.586 GC heap before
{Heap before GC invocations=2874 (full 5):
 PSYoungGen      total 5120K, used 4896K [0x00000000d5580000, 0x00000000d5b80000, 0x0000000100000000)
  eden space 4608K, 100% used [0x00000000d5580000,0x00000000d5a00000,0x00000000d5a00000)
  from space 512K, 56% used [0x00000000d5b00000,0x00000000d5b48000,0x00000000d5b80000)
  to   space 512K, 0% used [0x00000000d5a80000,0x00000000d5a80000,0x00000000d5b00000)
 ParOldGen       total 826880K, used 170487K [0x0000000080000000, 0x00000000b2780000, 0x00000000d5580000)
  object space 826880K, 20% used [0x0000000080000000,0x000000008a67ddd0,0x00000000b2780000)
 Metaspace       used 89267K, committed 91648K, reserved 1179648K
  class space    used 9025K, committed 9984K, reserved 1048576K
}
Event: 15423.654 GC heap after
{Heap after GC invocations=2874 (full 5):
 PSYoungGen      total 5120K, used 224K [0x00000000d5580000, 0x00000000d5b80000, 0x0000000100000000)
  eden space 4608K, 0% used [0x00000000d5580000,0x00000000d5580000,0x00000000d5a00000)
  from space 512K, 43% used [0x00000000d5a80000,0x00000000d5ab8000,0x00000000d5b00000)
  to   space 512K, 0% used [0x00000000d5b00000,0x00000000d5b00000,0x00000000d5b80000)
 ParOldGen       total 826880K, used 170519K [0x0000000080000000, 0x00000000b2780000, 0x00000000d5580000)
  object space 826880K, 20% used [0x0000000080000000,0x000000008a685dd0,0x00000000b2780000)
 Metaspace       used 89267K, committed 91648K, reserved 1179648K
  class space    used 9025K, committed 9984K, reserved 1048576K
}
Event: 17437.354 GC heap before
{Heap before GC invocations=2875 (full 5):
 PSYoungGen      total 5120K, used 4832K [0x00000000d5580000, 0x00000000d5b80000, 0x0000000100000000)
  eden space 4608K, 100% used [0x00000000d5580000,0x00000000d5a00000,0x00000000d5a00000)
  from space 512K, 43% used [0x00000000d5a80000,0x00000000d5ab8000,0x00000000d5b00000)
  to   space 512K, 0% used [0x00000000d5b00000,0x00000000d5b00000,0x00000000d5b80000)
 ParOldGen       total 826880K, used 170519K [0x0000000080000000, 0x00000000b2780000, 0x00000000d5580000)
  object space 826880K, 20% used [0x0000000080000000,0x000000008a685dd0,0x00000000b2780000)
 Metaspace       used 89272K, committed 91648K, reserved 1179648K
  class space    used 9025K, committed 9984K, reserved 1048576K
}
Event: 17437.427 GC heap after
{Heap after GC invocations=2875 (full 5):
 PSYoungGen      total 5120K, used 224K [0x00000000d5580000, 0x00000000d5b80000, 0x0000000100000000)
  eden space 4608K, 0% used [0x00000000d5580000,0x00000000d5580000,0x00000000d5a00000)
  from space 512K, 43% used [0x00000000d5b00000,0x00000000d5b38000,0x00000000d5b80000)
  to   space 512K, 0% used [0x00000000d5a80000,0x00000000d5a80000,0x00000000d5b00000)
 ParOldGen       total 826880K, used 170535K [0x0000000080000000, 0x00000000b2780000, 0x00000000d5580000)
  object space 826880K, 20% used [0x0000000080000000,0x000000008a689dd0,0x00000000b2780000)
 Metaspace       used 89272K, committed 91648K, reserved 1179648K
  class space    used 9025K, committed 9984K, reserved 1048576K
}

Dll operation events (12 events):
Event: 0.038 Loaded shared library c:\Users\Dilmina\.vscode\extensions\redhat.java-1.44.0-win32-x64\jre\21.0.8-win32-x86_64\bin\java.dll
Event: 0.287 Loaded shared library c:\Users\Dilmina\.vscode\extensions\redhat.java-1.44.0-win32-x64\jre\21.0.8-win32-x86_64\bin\zip.dll
Event: 0.324 Loaded shared library C:\Users\Dilmina\.vscode\extensions\redhat.java-1.44.0-win32-x64\jre\21.0.8-win32-x86_64\bin\instrument.dll
Event: 0.333 Loaded shared library C:\Users\Dilmina\.vscode\extensions\redhat.java-1.44.0-win32-x64\jre\21.0.8-win32-x86_64\bin\net.dll
Event: 0.336 Loaded shared library C:\Users\Dilmina\.vscode\extensions\redhat.java-1.44.0-win32-x64\jre\21.0.8-win32-x86_64\bin\nio.dll
Event: 0.342 Loaded shared library C:\Users\Dilmina\.vscode\extensions\redhat.java-1.44.0-win32-x64\jre\21.0.8-win32-x86_64\bin\zip.dll
Event: 0.375 Loaded shared library C:\Users\Dilmina\.vscode\extensions\redhat.java-1.44.0-win32-x64\jre\21.0.8-win32-x86_64\bin\jimage.dll
Event: 0.598 Loaded shared library c:\Users\Dilmina\.vscode\extensions\redhat.java-1.44.0-win32-x64\jre\21.0.8-win32-x86_64\bin\verify.dll
Event: 12.121 Loaded shared library C:\Users\Dilmina\AppData\Roaming\Code\User\globalStorage\redhat.java\1.44.0\config_win\org.eclipse.equinox.launcher\org.eclipse.equinox.launcher.win32.win32.x86_64_1.2.1400.v20250730-1736\eclipse_11913.dll
Event: 34.287 Loaded shared library C:\Users\Dilmina\AppData\Local\Temp\jna--965106378\jna15649315262528813613.dll
Event: 36.207 Loaded shared library C:\Users\Dilmina\.vscode\extensions\redhat.java-1.44.0-win32-x64\jre\21.0.8-win32-x86_64\bin\sunmscapi.dll
Event: 36.544 Loaded shared library C:\Users\Dilmina\.vscode\extensions\redhat.java-1.44.0-win32-x64\jre\21.0.8-win32-x86_64\bin\extnet.dll

Deoptimization events (20 events):
Event: 12829.563 Thread 0x00000230f909ac10 Uncommon trap: trap_request=0xffffff45 fr.pc=0x00000230db422c68 relative=0x00000000000004e8
Event: 12829.563 Thread 0x00000230f909ac10 Uncommon trap: reason=unstable_if action=reinterpret pc=0x00000230db422c68 method=org.eclipse.jdt.internal.compiler.lookup.ParameterizedTypeBinding.swapUnresolved(Lorg/eclipse/jdt/internal/compiler/lookup/UnresolvedReferenceBinding;Lorg/eclipse/jdt/intern
Event: 12829.563 Thread 0x00000230f909ac10 DEOPT PACKING pc=0x00000230db422c68 sp=0x0000003baacfdcb0
Event: 12829.563 Thread 0x00000230f909ac10 DEOPT UNPACKING pc=0x00000230d9a73aa2 sp=0x0000003baacfdc48 mode 2
Event: 12829.568 Thread 0x00000230f909ac10 Uncommon trap: trap_request=0xffffffde fr.pc=0x00000230db1bf348 relative=0x0000000000000608
Event: 12829.568 Thread 0x00000230f909ac10 Uncommon trap: reason=class_check action=maybe_recompile pc=0x00000230db1bf348 method=org.eclipse.jdt.internal.compiler.lookup.ParameterizedTypeBinding.superInterfaces()[Lorg/eclipse/jdt/internal/compiler/lookup/ReferenceBinding; @ 27 c2
Event: 12829.568 Thread 0x00000230f909ac10 DEOPT PACKING pc=0x00000230db1bf348 sp=0x0000003baacfde10
Event: 12829.568 Thread 0x00000230f909ac10 DEOPT UNPACKING pc=0x00000230d9a73aa2 sp=0x0000003baacfde00 mode 2
Event: 12829.568 Thread 0x00000230f909ac10 Uncommon trap: trap_request=0xffffffde fr.pc=0x00000230db41f2e8 relative=0x00000000000005a8
Event: 12829.568 Thread 0x00000230f909ac10 Uncommon trap: reason=class_check action=maybe_recompile pc=0x00000230db41f2e8 method=org.eclipse.jdt.internal.compiler.lookup.ParameterizedTypeBinding.superclass()Lorg/eclipse/jdt/internal/compiler/lookup/ReferenceBinding; @ 11 c2
Event: 12829.568 Thread 0x00000230f909ac10 DEOPT PACKING pc=0x00000230db41f2e8 sp=0x0000003baacfde40
Event: 12829.568 Thread 0x00000230f909ac10 DEOPT UNPACKING pc=0x00000230d9a73aa2 sp=0x0000003baacfde10 mode 2
Event: 12829.569 Thread 0x00000230f909ac10 Uncommon trap: trap_request=0xffffff45 fr.pc=0x00000230db42bbb4 relative=0x0000000000001ff4
Event: 12829.569 Thread 0x00000230f909ac10 Uncommon trap: reason=unstable_if action=reinterpret pc=0x00000230db42bbb4 method=org.eclipse.jdt.core.dom.SingleVariableDeclaration.accept0(Lorg/eclipse/jdt/core/dom/ASTVisitor;)V @ 55 c2
Event: 12829.569 Thread 0x00000230f909ac10 DEOPT PACKING pc=0x00000230db42bbb4 sp=0x0000003baacfe0d0
Event: 12829.569 Thread 0x00000230f909ac10 DEOPT UNPACKING pc=0x00000230d9a73aa2 sp=0x0000003baacfe0e8 mode 2
Event: 12831.849 Thread 0x00000230ef2cc970 DEOPT PACKING pc=0x00000230d518a44b sp=0x0000003baa4fe580
Event: 12831.849 Thread 0x00000230ef2cc970 DEOPT UNPACKING pc=0x00000230d9a74242 sp=0x0000003baa4fda90 mode 0
Event: 13296.193 Thread 0x00000230ef2cdd20 DEOPT PACKING pc=0x00000230d34a1b46 sp=0x0000003baabff490
Event: 13296.194 Thread 0x00000230ef2cdd20 DEOPT UNPACKING pc=0x00000230d9a74242 sp=0x0000003baabfe988 mode 0

Classes loaded (20 events):
Event: 339.981 Loading class java/util/stream/Nodes$CollectorTask done
Event: 339.981 Loading class java/util/stream/Nodes$CollectorTask$OfRef done
Event: 340.031 Loading class java/util/function/LongFunction
Event: 340.033 Loading class java/util/function/LongFunction done
Event: 340.035 Loading class java/util/stream/Nodes$ConcNode
Event: 340.037 Loading class java/util/stream/Nodes$AbstractConcNode
Event: 340.039 Loading class java/util/stream/Nodes$AbstractConcNode done
Event: 340.039 Loading class java/util/stream/Nodes$ConcNode done
Event: 340.091 Loading class java/io/ObjectOutputStream$BlockDataOutputStream
Event: 340.093 Loading class java/io/ObjectOutputStream$BlockDataOutputStream done
Event: 340.094 Loading class java/io/ObjectOutputStream$HandleTable
Event: 340.094 Loading class java/io/ObjectOutputStream$HandleTable done
Event: 340.094 Loading class java/io/ObjectOutputStream$ReplaceTable
Event: 340.095 Loading class java/io/ObjectOutputStream$ReplaceTable done
Event: 9723.752 Loading class java/util/stream/ReferencePipeline$15
Event: 9723.755 Loading class java/util/stream/ReferencePipeline$15 done
Event: 9723.761 Loading class java/util/stream/ReferencePipeline$15$1
Event: 9723.762 Loading class java/util/stream/ReferencePipeline$15$1 done
Event: 12761.926 Loading class java/lang/StringLatin1$CharsSpliterator
Event: 12761.932 Loading class java/lang/StringLatin1$CharsSpliterator done

Classes unloaded (20 events):
Event: 12826.781 Thread 0x00000230cf2949c0 Unloading class 0x0000023081016400 'java/lang/invoke/LambdaForm$MH+0x0000023081016400'
Event: 12826.781 Thread 0x00000230cf2949c0 Unloading class 0x0000023081014800 'java/lang/invoke/LambdaForm$MH+0x0000023081014800'
Event: 12826.782 Thread 0x00000230cf2949c0 Unloading class 0x000002308100d800 'java/lang/invoke/LambdaForm$MH+0x000002308100d800'
Event: 12826.782 Thread 0x00000230cf2949c0 Unloading class 0x000002308100d400 'java/lang/invoke/LambdaForm$MH+0x000002308100d400'
Event: 12826.782 Thread 0x00000230cf2949c0 Unloading class 0x000002308100d000 'java/lang/invoke/LambdaForm$MH+0x000002308100d000'
Event: 12826.782 Thread 0x00000230cf2949c0 Unloading class 0x000002308100cc00 'java/lang/invoke/LambdaForm$MH+0x000002308100cc00'
Event: 12826.782 Thread 0x00000230cf2949c0 Unloading class 0x000002308100c800 'java/lang/invoke/LambdaForm$BMH+0x000002308100c800'
Event: 12826.782 Thread 0x00000230cf2949c0 Unloading class 0x000002308100c000 'java/lang/invoke/LambdaForm$DMH+0x000002308100c000'
Event: 12826.782 Thread 0x00000230cf2949c0 Unloading class 0x0000023081008c00 'java/lang/invoke/LambdaForm$MH+0x0000023081008c00'
Event: 12826.782 Thread 0x00000230cf2949c0 Unloading class 0x0000023081008800 'java/lang/invoke/LambdaForm$MH+0x0000023081008800'
Event: 12826.782 Thread 0x00000230cf2949c0 Unloading class 0x0000023081008400 'java/lang/invoke/LambdaForm$MH+0x0000023081008400'
Event: 12826.782 Thread 0x00000230cf2949c0 Unloading class 0x0000023081007000 'java/lang/invoke/LambdaForm$MH+0x0000023081007000'
Event: 12826.782 Thread 0x00000230cf2949c0 Unloading class 0x0000023081006800 'java/lang/invoke/LambdaForm$MH+0x0000023081006800'
Event: 12826.782 Thread 0x00000230cf2949c0 Unloading class 0x0000023081006400 'java/lang/invoke/LambdaForm$MH+0x0000023081006400'
Event: 12826.782 Thread 0x00000230cf2949c0 Unloading class 0x0000023081006000 'java/lang/invoke/LambdaForm$MH+0x0000023081006000'
Event: 12826.782 Thread 0x00000230cf2949c0 Unloading class 0x0000023081005c00 'java/lang/invoke/LambdaForm$BMH+0x0000023081005c00'
Event: 12826.782 Thread 0x00000230cf2949c0 Unloading class 0x0000023081004800 'java/lang/invoke/LambdaForm$DMH+0x0000023081004800'
Event: 12826.782 Thread 0x00000230cf2949c0 Unloading class 0x0000023081002400 'java/lang/invoke/LambdaForm$MH+0x0000023081002400'
Event: 12826.782 Thread 0x00000230cf2949c0 Unloading class 0x0000023081002000 'java/lang/invoke/LambdaForm$MH+0x0000023081002000'
Event: 12826.782 Thread 0x00000230cf2949c0 Unloading class 0x0000023081001800 'java/lang/invoke/LambdaForm$MH+0x0000023081001800'

Classes redefined (0 events):
No events

Internal exceptions (20 events):
Event: 277.396 Thread 0x00000230ed476680 Exception <a 'java/lang/NoSuchMethodError'{0x00000000d58872d0}: 'java.lang.Object java.lang.invoke.DirectMethodHandle$Holder.invokeStatic(java.lang.Object, long, java.lang.Object, java.lang.Object)'> (0x00000000d58872d0) 
thrown [s\src\hotspot\share\interpreter\linkResolver.cpp, line 773]
Event: 277.420 Thread 0x00000230ed476680 Exception <a 'sun/nio/fs/WindowsException'{0x00000000d59c2f00}> (0x00000000d59c2f00) 
thrown [s\src\hotspot\share\prims\jni.cpp, line 520]
Event: 277.420 Thread 0x00000230ed476680 Exception <a 'sun/nio/fs/WindowsException'{0x00000000d59c3f40}> (0x00000000d59c3f40) 
thrown [s\src\hotspot\share\prims\jni.cpp, line 520]
Event: 277.444 Thread 0x00000230ed476680 Exception <a 'java/lang/NoSuchMethodError'{0x00000000d5a6eb28}: 'void java.lang.invoke.DirectMethodHandle$Holder.invokeStatic(java.lang.Object, java.lang.Object, java.lang.Object, java.lang.Object, java.lang.Object, java.lang.Object, java.lang.Object)'> (0x00000000d5a6eb28) 
thrown [s\src\hotspot\share\interpreter\linkResolver.cpp, line 773]
Event: 278.569 Thread 0x00000230f909b2a0 Exception <a 'java/lang/NoSuchMethodError'{0x00000000d5aaa810}: 'long java.lang.invoke.DelegatingMethodHandle$Holder.reinvoke_L(java.lang.Object, java.lang.Object)'> (0x00000000d5aaa810) 
thrown [s\src\hotspot\share\interpreter\linkResolver.cpp, line 773]
Event: 278.570 Thread 0x00000230f909b2a0 Exception <a 'java/lang/NoSuchMethodError'{0x00000000d5ab4758}: 'void java.lang.invoke.DelegatingMethodHandle$Holder.reinvoke_L(java.lang.Object, java.lang.Object, long)'> (0x00000000d5ab4758) 
thrown [s\src\hotspot\share\interpreter\linkResolver.cpp, line 773]
Event: 279.116 Thread 0x00000230f909b2a0 Exception <a 'java/lang/NoSuchMethodError'{0x00000000d5bb3e18}: 'long java.lang.invoke.Invokers$Holder.invokeExact_MT(java.lang.Object, java.lang.Object, java.lang.Object)'> (0x00000000d5bb3e18) 
thrown [s\src\hotspot\share\interpreter\linkResolver.cpp, line 773]
Event: 340.148 Thread 0x00000230ef2cd000 Exception <a 'java/lang/NoSuchMethodError'{0x00000000d5de44d0}: static [J.<clinit>()V> (0x00000000d5de44d0) 
thrown [s\src\hotspot\share\prims\jni.cpp, line 1111]
Event: 340.175 Thread 0x00000230ef2cd000 Exception <a 'java/lang/NoSuchMethodError'{0x00000000d5e21810}: 'java.lang.Object java.lang.invoke.DirectMethodHandle$Holder.newInvokeSpecial(java.lang.Object, java.lang.Object, java.lang.Object, java.lang.Object, java.lang.Object, java.lang.Object, java.lang.Object, java.lang.Object)'> (0x00000000d5e21810) 
thrown [s\src\hotspot\share\interpreter\linkResolver.cpp, line 773]
Event: 9109.298 Thread 0x00000230ed475960 Exception <a 'java/lang/IncompatibleClassChangeError'{0x00000000d5822a80}: Found class java.lang.Object, but interface was expected> (0x00000000d5822a80) 
thrown [s\src\hotspot\share\interpreter\linkResolver.cpp, line 840]
Event: 9109.678 Thread 0x00000230f9098b40 Exception <a 'java/lang/NoSuchMethodError'{0x00000000d58e1d98}: 'java.lang.Object java.lang.invoke.DirectMethodHandle$Holder.invokeStatic(java.lang.Object, int, int, java.lang.Object)'> (0x00000000d58e1d98) 
thrown [s\src\hotspot\share\interpreter\linkResolver.cpp, line 773]
Event: 9110.251 Thread 0x00000230f9098b40 Exception <a 'java/lang/NoSuchMethodError'{0x00000000d5b33380}: 'java.lang.Object java.lang.invoke.DirectMethodHandle$Holder.invokeStatic(java.lang.Object, int, java.lang.Object)'> (0x00000000d5b33380) 
thrown [s\src\hotspot\share\interpreter\linkResolver.cpp, line 773]
Event: 9117.233 Thread 0x00000230ed475960 Exception <a 'java/lang/IncompatibleClassChangeError'{0x00000000d5666b90}: Found class java.lang.Object, but interface was expected> (0x00000000d5666b90) 
thrown [s\src\hotspot\share\interpreter\linkResolver.cpp, line 840]
Event: 9677.016 Thread 0x00000230f909edb0 Exception <a 'java/lang/NoSuchMethodError'{0x00000000d59f2a58}: 'java.lang.Object java.lang.invoke.DirectMethodHandle$Holder.newInvokeSpecial(java.lang.Object, java.lang.Object, int, java.lang.Object, java.lang.Object, java.lang.Object, java.lang.Object)'> (0x00000000d59f2a58) 
thrown [s\src\hotspot\share\interpreter\linkResolver.cpp, line 773]
Event: 9677.100 Thread 0x00000230f909edb0 Exception <a 'java/lang/NoSuchMethodError'{0x00000000d5a8ea58}: 'void java.lang.invoke.DirectMethodHandle$Holder.invokeSpecial(java.lang.Object, java.lang.Object, int)'> (0x00000000d5a8ea58) 
thrown [s\src\hotspot\share\interpreter\linkResolver.cpp, line 773]
Event: 9677.215 Thread 0x00000230ed475960 Exception <a 'java/lang/IncompatibleClassChangeError'{0x00000000d5cac7d8}: Found class java.lang.Object, but interface was expected> (0x00000000d5cac7d8) 
thrown [s\src\hotspot\share\interpreter\linkResolver.cpp, line 840]
Event: 9722.475 Thread 0x00000230f909bfc0 Exception <a 'java/lang/NoSuchMethodError'{0x00000000d57b64b8}: 'java.lang.Object java.lang.invoke.DirectMethodHandle$Holder.invokeStatic(java.lang.Object, int, java.lang.Object, java.lang.Object, java.lang.Object, java.lang.Object)'> (0x00000000d57b64b8) 
thrown [s\src\hotspot\share\interpreter\linkResolver.cpp, line 773]
Event: 9722.481 Thread 0x00000230f909bfc0 Exception <a 'java/lang/NoSuchMethodError'{0x00000000d57bda08}: 'java.lang.Object java.lang.invoke.DirectMethodHandle$Holder.newInvokeSpecial(java.lang.Object, int, java.lang.Object, java.lang.Object, java.lang.Object)'> (0x00000000d57bda08) 
thrown [s\src\hotspot\share\interpreter\linkResolver.cpp, line 773]
Event: 9723.202 Thread 0x00000230f909bfc0 Exception <a 'java/lang/ArrayIndexOutOfBoundsException'{0x00000000d5a10940}: Index 726 out of bounds for length 725> (0x00000000d5a10940) 
thrown [s\src\hotspot\share\interpreter\interpreterRuntime.cpp, line 439]
Event: 12775.634 Thread 0x00000230f909ac10 Implicit null exception at 0x00000230db501d00 to 0x00000230db506868

ZGC Phase Switch (0 events):
No events

VM Operations (20 events):
Event: 16836.817 Executing VM operation: RendezvousGCThreads
Event: 16836.817 Executing VM operation: RendezvousGCThreads done
Event: 16957.065 Executing VM operation: HandshakeAllThreads (HandshakeForDeflation)
Event: 16957.067 Executing VM operation: HandshakeAllThreads (HandshakeForDeflation) done
Event: 16957.067 Executing VM operation: RendezvousGCThreads
Event: 16957.067 Executing VM operation: RendezvousGCThreads done
Event: 17077.304 Executing VM operation: HandshakeAllThreads (HandshakeForDeflation)
Event: 17077.305 Executing VM operation: HandshakeAllThreads (HandshakeForDeflation) done
Event: 17077.306 Executing VM operation: RendezvousGCThreads
Event: 17077.306 Executing VM operation: RendezvousGCThreads done
Event: 17437.350 Executing VM operation: ParallelGCFailedAllocation (Allocation Failure)
Event: 17437.427 Executing VM operation: ParallelGCFailedAllocation (Allocation Failure) done
Event: 17498.234 Executing VM operation: HandshakeAllThreads (HandshakeForDeflation)
Event: 17498.265 Executing VM operation: HandshakeAllThreads (HandshakeForDeflation) done
Event: 17498.265 Executing VM operation: RendezvousGCThreads
Event: 17498.265 Executing VM operation: RendezvousGCThreads done
Event: 17558.404 Executing VM operation: HandshakeAllThreads (HandshakeForDeflation)
Event: 17558.405 Executing VM operation: HandshakeAllThreads (HandshakeForDeflation) done
Event: 17558.405 Executing VM operation: RendezvousGCThreads
Event: 17558.405 Executing VM operation: RendezvousGCThreads done

Memory protections (0 events):
No events

Nmethod flushes (20 events):
Event: 12828.224 Thread 0x00000230cf2949c0 flushing  nmethod 0x00000230d493c810
Event: 12828.224 Thread 0x00000230cf2949c0 flushing  nmethod 0x00000230d4946190
Event: 12828.224 Thread 0x00000230cf2949c0 flushing  nmethod 0x00000230d4947710
Event: 12828.224 Thread 0x00000230cf2949c0 flushing  nmethod 0x00000230d494df10
Event: 12828.224 Thread 0x00000230cf2949c0 flushing osr nmethod 0x00000230d4966490
Event: 12828.224 Thread 0x00000230cf2949c0 flushing  nmethod 0x00000230d497c210
Event: 12828.224 Thread 0x00000230cf2949c0 flushing osr nmethod 0x00000230d497c810
Event: 12828.224 Thread 0x00000230cf2949c0 flushing  nmethod 0x00000230d4984390
Event: 12828.225 Thread 0x00000230cf2949c0 flushing  nmethod 0x00000230d4a01f90
Event: 12828.225 Thread 0x00000230cf2949c0 flushing  nmethod 0x00000230d4a02310
Event: 12828.225 Thread 0x00000230cf2949c0 flushing osr nmethod 0x00000230d4a06610
Event: 12828.225 Thread 0x00000230cf2949c0 flushing  nmethod 0x00000230d4a07b10
Event: 12828.225 Thread 0x00000230cf2949c0 flushing  nmethod 0x00000230d4a07f90
Event: 12828.226 Thread 0x00000230cf2949c0 flushing  nmethod 0x00000230d4a0b490
Event: 12828.226 Thread 0x00000230cf2949c0 flushing  nmethod 0x00000230d4a0e310
Event: 12828.226 Thread 0x00000230cf2949c0 flushing  nmethod 0x00000230d4a10f10
Event: 12828.226 Thread 0x00000230cf2949c0 flushing  nmethod 0x00000230d4a11590
Event: 12828.226 Thread 0x00000230cf2949c0 flushing  nmethod 0x00000230d4a11b90
Event: 12828.226 Thread 0x00000230cf2949c0 flushing  nmethod 0x00000230d4a45710
Event: 12828.226 Thread 0x00000230cf2949c0 flushing  nmethod 0x00000230d4a63090

Events (20 events):
Event: 12821.345 Thread 0x00000230f8eab810 Thread exited: 0x00000230f8eab810
Event: 12821.877 Thread 0x00000230ef2cd000 Thread added: 0x00000230ecdda3a0
Event: 12830.905 Thread 0x00000230e70447a0 Thread added: 0x00000230f8eacc80
Event: 12837.229 Thread 0x00000230f8eacc80 Thread exited: 0x00000230f8eacc80
Event: 12892.021 Thread 0x00000230ecdd5b70 Thread exited: 0x00000230ecdd5b70
Event: 12935.431 Thread 0x00000230f909b2a0 Thread exited: 0x00000230f909b2a0
Event: 12935.431 Thread 0x00000230f909bfc0 Thread exited: 0x00000230f909bfc0
Event: 12936.163 Thread 0x00000230f909edb0 Thread exited: 0x00000230f909edb0
Event: 12995.470 Thread 0x00000230f909a580 Thread exited: 0x00000230f909a580
Event: 12995.471 Thread 0x00000230f9098b40 Thread exited: 0x00000230f9098b40
Event: 12996.167 Thread 0x00000230ef2cc970 Thread exited: 0x00000230ef2cc970
Event: 13056.167 Thread 0x00000230f909ac10 Thread exited: 0x00000230f909ac10
Event: 13116.166 Thread 0x00000230ef2cd000 Thread exited: 0x00000230ef2cd000
Event: 13176.170 Thread 0x00000230ef2ca210 Thread exited: 0x00000230ef2ca210
Event: 13236.190 Thread 0x00000230ef2caf30 Thread exited: 0x00000230ef2caf30
Event: 13296.185 Thread 0x00000230ecdda3a0 Thread exited: 0x00000230ecdda3a0
Event: 13356.196 Thread 0x00000230ef2cdd20 Thread exited: 0x00000230ef2cdd20
Event: 13416.205 Thread 0x00000230ef2c9b80 Thread exited: 0x00000230ef2c9b80
Event: 13476.205 Thread 0x00000230f90991d0 Thread exited: 0x00000230f90991d0
Event: 13536.214 Thread 0x00000230ef2cd690 Thread exited: 0x00000230ef2cd690


Dynamic libraries:
0x00007ff61b710000 - 0x00007ff61b71e000 	c:\Users\Dilmina\.vscode\extensions\redhat.java-1.44.0-win32-x64\jre\21.0.8-win32-x86_64\bin\java.exe
0x00007ffa07700000 - 0x00007ffa07967000 	C:\WINDOWS\SYSTEM32\ntdll.dll
0x00007ffa058c0000 - 0x00007ffa05989000 	C:\WINDOWS\System32\KERNEL32.DLL
0x00007ffa04830000 - 0x00007ffa04c20000 	C:\WINDOWS\System32\KERNELBASE.dll
0x00007ffa052b0000 - 0x00007ffa053fb000 	C:\WINDOWS\System32\ucrtbase.dll
0x00007ff9a98a0000 - 0x00007ff9a98b8000 	c:\Users\Dilmina\.vscode\extensions\redhat.java-1.44.0-win32-x64\jre\21.0.8-win32-x86_64\bin\jli.dll
0x00007ff945d90000 - 0x00007ff945dae000 	c:\Users\Dilmina\.vscode\extensions\redhat.java-1.44.0-win32-x64\jre\21.0.8-win32-x86_64\bin\VCRUNTIME140.dll
0x00007ffa05cb0000 - 0x00007ffa05e75000 	C:\WINDOWS\System32\USER32.dll
0x00007ffa05280000 - 0x00007ffa052a7000 	C:\WINDOWS\System32\win32u.dll
0x00007ff9eae10000 - 0x00007ff9eb0aa000 	C:\WINDOWS\WinSxS\amd64_microsoft.windows.common-controls_6595b64144ccf1df_6.0.26100.4768_none_3e0c112ce331287c\COMCTL32.dll
0x00007ffa06bf0000 - 0x00007ffa06c1b000 	C:\WINDOWS\System32\GDI32.dll
0x00007ffa065d0000 - 0x00007ffa06679000 	C:\WINDOWS\System32\msvcrt.dll
0x00007ffa04f30000 - 0x00007ffa05068000 	C:\WINDOWS\System32\gdi32full.dll
0x00007ffa05070000 - 0x00007ffa05113000 	C:\WINDOWS\System32\msvcp_win.dll
0x00007ffa057c0000 - 0x00007ffa057ef000 	C:\WINDOWS\System32\IMM32.DLL
0x00007ff986630000 - 0x00007ff98663c000 	c:\Users\Dilmina\.vscode\extensions\redhat.java-1.44.0-win32-x64\jre\21.0.8-win32-x86_64\bin\vcruntime140_1.dll
0x00007ff91d350000 - 0x00007ff91d3dd000 	c:\Users\Dilmina\.vscode\extensions\redhat.java-1.44.0-win32-x64\jre\21.0.8-win32-x86_64\bin\msvcp140.dll
0x00007ff917cb0000 - 0x00007ff918a47000 	c:\Users\Dilmina\.vscode\extensions\redhat.java-1.44.0-win32-x64\jre\21.0.8-win32-x86_64\bin\server\jvm.dll
0x00007ffa05800000 - 0x00007ffa058b4000 	C:\WINDOWS\System32\ADVAPI32.dll
0x00007ffa06680000 - 0x00007ffa06726000 	C:\WINDOWS\System32\sechost.dll
0x00007ffa075a0000 - 0x00007ffa076b8000 	C:\WINDOWS\System32\RPCRT4.dll
0x00007ffa055b0000 - 0x00007ffa05624000 	C:\WINDOWS\System32\WS2_32.dll
0x00007ffa04080000 - 0x00007ffa040de000 	C:\WINDOWS\SYSTEM32\POWRPROF.dll
0x00007ff9f9980000 - 0x00007ff9f998b000 	C:\WINDOWS\SYSTEM32\VERSION.dll
0x00007ff9f74a0000 - 0x00007ff9f74d5000 	C:\WINDOWS\SYSTEM32\WINMM.dll
0x00007ffa04060000 - 0x00007ffa04074000 	C:\WINDOWS\SYSTEM32\UMPDC.dll
0x00007ffa03570000 - 0x00007ffa0358b000 	C:\WINDOWS\SYSTEM32\kernel.appcore.dll
0x00007ff96f080000 - 0x00007ff96f08a000 	c:\Users\Dilmina\.vscode\extensions\redhat.java-1.44.0-win32-x64\jre\21.0.8-win32-x86_64\bin\jimage.dll
0x00007ffa01fc0000 - 0x00007ffa02201000 	C:\WINDOWS\SYSTEM32\DBGHELP.DLL
0x00007ffa06d80000 - 0x00007ffa07105000 	C:\WINDOWS\System32\combase.dll
0x00007ffa06af0000 - 0x00007ffa06bd0000 	C:\WINDOWS\System32\OLEAUT32.dll
0x00007ff9e9390000 - 0x00007ff9e93d3000 	C:\WINDOWS\SYSTEM32\dbgcore.DLL
0x00007ffa051e0000 - 0x00007ffa05279000 	C:\WINDOWS\System32\bcryptPrimitives.dll
0x00007ff96e9c0000 - 0x00007ff96e9cf000 	c:\Users\Dilmina\.vscode\extensions\redhat.java-1.44.0-win32-x64\jre\21.0.8-win32-x86_64\bin\instrument.dll
0x00007ff935190000 - 0x00007ff9351af000 	c:\Users\Dilmina\.vscode\extensions\redhat.java-1.44.0-win32-x64\jre\21.0.8-win32-x86_64\bin\java.dll
0x00007ffa05e80000 - 0x00007ffa065cd000 	C:\WINDOWS\System32\SHELL32.dll
0x00007ffa04c30000 - 0x00007ffa04da3000 	C:\WINDOWS\System32\wintypes.dll
0x00007ffa023d0000 - 0x00007ffa02c30000 	C:\WINDOWS\SYSTEM32\windows.storage.dll
0x00007ffa06c80000 - 0x00007ffa06d75000 	C:\WINDOWS\System32\SHCORE.dll
0x00007ffa05b80000 - 0x00007ffa05bea000 	C:\WINDOWS\System32\shlwapi.dll
0x00007ffa04750000 - 0x00007ffa04779000 	C:\WINDOWS\SYSTEM32\profapi.dll
0x00007ff91d330000 - 0x00007ff91d348000 	c:\Users\Dilmina\.vscode\extensions\redhat.java-1.44.0-win32-x64\jre\21.0.8-win32-x86_64\bin\zip.dll
0x00007ff96aac0000 - 0x00007ff96aad0000 	C:\Users\Dilmina\.vscode\extensions\redhat.java-1.44.0-win32-x64\jre\21.0.8-win32-x86_64\bin\net.dll
0x00007ff9fe320000 - 0x00007ff9fe43e000 	C:\WINDOWS\SYSTEM32\WINHTTP.dll
0x00007ffa03ae0000 - 0x00007ffa03b4b000 	C:\WINDOWS\system32\mswsock.dll
0x00007ff91d310000 - 0x00007ff91d326000 	C:\Users\Dilmina\.vscode\extensions\redhat.java-1.44.0-win32-x64\jre\21.0.8-win32-x86_64\bin\nio.dll
0x00007ff96a430000 - 0x00007ff96a440000 	c:\Users\Dilmina\.vscode\extensions\redhat.java-1.44.0-win32-x64\jre\21.0.8-win32-x86_64\bin\verify.dll
0x00007ff9d6ed0000 - 0x00007ff9d6f15000 	C:\Users\Dilmina\AppData\Roaming\Code\User\globalStorage\redhat.java\1.44.0\config_win\org.eclipse.equinox.launcher\org.eclipse.equinox.launcher.win32.win32.x86_64_1.2.1400.v20250730-1736\eclipse_11913.dll
0x00007ffa067f0000 - 0x00007ffa06990000 	C:\WINDOWS\System32\ole32.dll
0x00007ffa03ec0000 - 0x00007ffa03edb000 	C:\WINDOWS\SYSTEM32\CRYPTSP.dll
0x00007ffa034d0000 - 0x00007ffa0350b000 	C:\WINDOWS\system32\rsaenh.dll
0x00007ffa03b80000 - 0x00007ffa03bab000 	C:\WINDOWS\SYSTEM32\USERENV.dll
0x00007ffa04720000 - 0x00007ffa04746000 	C:\WINDOWS\SYSTEM32\bcrypt.dll
0x00007ffa03d20000 - 0x00007ffa03d2c000 	C:\WINDOWS\SYSTEM32\CRYPTBASE.dll
0x00007ffa02fb0000 - 0x00007ffa02fe3000 	C:\WINDOWS\SYSTEM32\IPHLPAPI.DLL
0x00007ffa05ca0000 - 0x00007ffa05caa000 	C:\WINDOWS\System32\NSI.dll
0x00007ff9d68c0000 - 0x00007ff9d6909000 	C:\Users\Dilmina\AppData\Local\Temp\jna--965106378\jna15649315262528813613.dll
0x00007ffa05630000 - 0x00007ffa05638000 	C:\WINDOWS\System32\PSAPI.DLL
0x00007ff9fe7f0000 - 0x00007ff9fe80f000 	C:\WINDOWS\SYSTEM32\dhcpcsvc6.DLL
0x00007ff9fe7c0000 - 0x00007ff9fe7e5000 	C:\WINDOWS\SYSTEM32\dhcpcsvc.DLL
0x00007ff9da0d0000 - 0x00007ff9da0de000 	C:\Users\Dilmina\.vscode\extensions\redhat.java-1.44.0-win32-x64\jre\21.0.8-win32-x86_64\bin\sunmscapi.dll
0x00007ffa04db0000 - 0x00007ffa04f27000 	C:\WINDOWS\System32\CRYPT32.dll
0x00007ffa04140000 - 0x00007ffa04170000 	C:\WINDOWS\SYSTEM32\ncrypt.dll
0x00007ffa040f0000 - 0x00007ffa0412f000 	C:\WINDOWS\SYSTEM32\NTASN1.dll
0x00007ffa03050000 - 0x00007ffa03176000 	C:\WINDOWS\SYSTEM32\DNSAPI.dll
0x00007ff9fafb0000 - 0x00007ff9fafbb000 	C:\Windows\System32\rasadhlp.dll
0x00007ff9fea10000 - 0x00007ff9fea96000 	C:\WINDOWS\System32\fwpuclnt.dll
0x00007ff9da0c0000 - 0x00007ff9da0c9000 	C:\Users\Dilmina\.vscode\extensions\redhat.java-1.44.0-win32-x64\jre\21.0.8-win32-x86_64\bin\extnet.dll

JVMTI agents:
c:\Users\Dilmina\.vscode\extensions\redhat.java-1.44.0-win32-x64\lombok\lombok-1.18.39-4050.jar path:c:\Users\Dilmina\.vscode\extensions\redhat.java-1.44.0-win32-x64\jre\21.0.8-win32-x86_64\bin\instrument.dll, loaded, initialized, instrumentlib options:none

dbghelp: loaded successfully - version: 4.0.5 - missing functions: none
symbol engine: initialized successfully - sym options: 0x614 - pdb path: .;c:\Users\Dilmina\.vscode\extensions\redhat.java-1.44.0-win32-x64\jre\21.0.8-win32-x86_64\bin;C:\WINDOWS\SYSTEM32;C:\WINDOWS\WinSxS\amd64_microsoft.windows.common-controls_6595b64144ccf1df_6.0.26100.4768_none_3e0c112ce331287c;c:\Users\Dilmina\.vscode\extensions\redhat.java-1.44.0-win32-x64\jre\21.0.8-win32-x86_64\bin\server;C:\Users\Dilmina\AppData\Roaming\Code\User\globalStorage\redhat.java\1.44.0\config_win\org.eclipse.equinox.launcher\org.eclipse.equinox.launcher.win32.win32.x86_64_1.2.1400.v20250730-1736;C:\Users\Dilmina\AppData\Local\Temp\jna--965106378

VM Arguments:
jvm_args: --add-modules=ALL-SYSTEM --add-opens=java.base/java.util=ALL-UNNAMED --add-opens=java.base/java.lang=ALL-UNNAMED --add-opens=java.base/sun.nio.fs=ALL-UNNAMED -Declipse.application=org.eclipse.jdt.ls.core.id1 -Dosgi.bundles.defaultStartLevel=4 -Declipse.product=org.eclipse.jdt.ls.core.product -Djava.import.generatesMetadataFilesAtProjectRoot=false -DDetectVMInstallationsJob.disabled=true -Dfile.encoding=utf8 -XX:+UseParallelGC -XX:GCTimeRatio=4 -XX:AdaptiveSizePolicyWeight=90 -Dsun.zip.disableMemoryMapping=true -Xmx2G -Xms100m -Xlog:disable -javaagent:c:\Users\Dilmina\.vscode\extensions\redhat.java-1.44.0-win32-x64\lombok\lombok-1.18.39-4050.jar -XX:+HeapDumpOnOutOfMemoryError -XX:HeapDumpPath=c:\Users\Dilmina\AppData\Roaming\Code\User\workspaceStorage\23987856001c9bc796cfc0899e377e3b\redhat.java -Daether.dependencyCollector.impl=bf 
java_command: c:\Users\Dilmina\.vscode\extensions\redhat.java-1.44.0-win32-x64\server\plugins\org.eclipse.equinox.launcher_1.7.0.v20250519-0528.jar -configuration c:\Users\Dilmina\AppData\Roaming\Code\User\globalStorage\redhat.java\1.44.0\config_win -data c:\Users\Dilmina\AppData\Roaming\Code\User\workspaceStorage\23987856001c9bc796cfc0899e377e3b\redhat.java\jdt_ws --pipe=\\.\pipe\lsp-db353817733a90664dde843f9983a429-sock
java_class_path (initial): c:\Users\Dilmina\.vscode\extensions\redhat.java-1.44.0-win32-x64\server\plugins\org.eclipse.equinox.launcher_1.7.0.v20250519-0528.jar
Launcher Type: SUN_STANDARD

[Global flags]
    uintx AdaptiveSizePolicyWeight                 = 90                                        {product} {command line}
     intx CICompilerCount                          = 4                                         {product} {ergonomic}
    uintx GCTimeRatio                              = 4                                         {product} {command line}
     bool HeapDumpOnOutOfMemoryError               = true                                   {manageable} {command line}
    ccstr HeapDumpPath                             = c:\Users\Dilmina\AppData\Roaming\Code\User\workspaceStorage\23987856001c9bc796cfc0899e377e3b\redhat.java         {manageable} {command line}
   size_t InitialHeapSize                          = 104857600                                 {product} {command line}
   size_t MaxHeapSize                              = 2147483648                                {product} {command line}
   size_t MaxNewSize                               = 715653120                                 {product} {ergonomic}
   size_t MinHeapDeltaBytes                        = 524288                                    {product} {ergonomic}
   size_t MinHeapSize                              = 104857600                                 {product} {command line}
   size_t NewSize                                  = 34603008                                  {product} {ergonomic}
    uintx NonNMethodCodeHeapSize                   = 5839372                                {pd product} {ergonomic}
    uintx NonProfiledCodeHeapSize                  = 122909434                              {pd product} {ergonomic}
   size_t OldSize                                  = 70254592                                  {product} {ergonomic}
    uintx ProfiledCodeHeapSize                     = 122909434                              {pd product} {ergonomic}
    uintx ReservedCodeCacheSize                    = 251658240                              {pd product} {ergonomic}
     bool SegmentedCodeCache                       = true                                      {product} {ergonomic}
   size_t SoftMaxHeapSize                          = 2147483648                             {manageable} {ergonomic}
     bool UseCompressedOops                        = true                           {product lp64_product} {ergonomic}
     bool UseLargePagesIndividualAllocation        = false                                  {pd product} {ergonomic}
     bool UseParallelGC                            = true                                      {product} {command line}

Logging:
Log output configuration:
 #0: stdout all=off uptime,level,tags foldmultilines=false
 #1: stderr all=off uptime,level,tags foldmultilines=false

Environment Variables:
PATH=C:\Program Files\NVIDIA GPU Computing Toolkit\CUDA\v12.9\bin;C:\Program Files\NVIDIA GPU Computing Toolkit\CUDA\v12.9\libnvvp;C:\Program Files\Eclipse Adoptium\jdk-17.0.14.7-hotspot\bin;C:\Program Files\Common Files\Oracle\Java\javapath;C:\WINDOWS\system32;C:\WINDOWS;C:\WINDOWS\System32\Wbem;C:\WINDOWS\System32\WindowsPowerShell\v1.0\;C:\WINDOWS\System32\OpenSSH\;C:\Program Files\Java\jdk-17\bin;C:\Program Files\MongoDB\Server\8.0\bin;C:\Program Files\Docker\Docker\resources\bin;C:\apache-maven-3.9.9\bin;C:\Program Files\nodejs\;C:\Program Files\nodejs;C:\Program Files\Git\cmd;C:\Program Files\NVIDIA Corporation\NVIDIA App\NvDLISR;C:\Program Files\Microsoft SQL Server\Client SDK\ODBC\170\Tools\Binn\;C:\Program Files (x86)\Microsoft SQL Server\160\Tools\Binn\;C:\Program Files\Microsoft SQL Server\160\Tools\Binn\;C:\Program Files\Microsoft SQL Server\160\DTS\Binn\;C:\Program Files (x86)\Microsoft SQL Server\160\DTS\Binn\;C:\Program Files (x86)\NVIDIA Corporation\PhysX\Common;C:\Users\Dilmina\AppData\Local\Programs\Python\Python313;C:\Program Files\NVIDIA Corporation\Nsight Compute 2025.2.1\;C:\Users\Dilmina\AppData\Local\Programs\Python;C:\Users\Dilmina\AppData\Local\Packages\PythonSoftwareFoundation.Python.3.12_qbz5n2kfra8p0\LocalCache\local-packages\Python312\Scripts;C:\Users\Dilmina\AppData\Local\Programs\Python\Launcher\;C:\Users\Dilmina\AppData\Local\Microsoft\WindowsApps;C:\Users\Dilmina\AppData\Local\Programs\Microsoft VS Code\bin;C:\Users\Dilmina\AppData\Local\Programs\mongosh\;C:\Program Files\Java\jdk-17\bin;C:\Users\Dilmina\AppData\Roaming\npm;C:\Users\Dilmina\AppData\Local\GitHubDesktop\bin;C:\Users\Dilmina\AppData\Local\Programs\Python;
USERNAME=Dilmina
OS=Windows_NT
PROCESSOR_IDENTIFIER=Intel64 Family 6 Model 154 Stepping 3, GenuineIntel
TMP=C:\Users\Dilmina\AppData\Local\Temp
TEMP=C:\Users\Dilmina\AppData\Local\Temp




Periodic native trim disabled

---------------  S Y S T E M  ---------------

OS:
 Windows 11 , 64 bit Build 26100 (10.0.26100.4768)
OS uptime: 0 days 4:58 hours
Hyper-V role detected

CPU: total 12 (initial active 12) (6 cores per cpu, 2 threads per core) family 6 model 154 stepping 3 microcode 0x424, cx8, cmov, fxsr, ht, mmx, 3dnowpref, sse, sse2, sse3, ssse3, sse4.1, sse4.2, popcnt, lzcnt, tsc, tscinvbit, avx, avx2, aes, erms, clmul, bmi1, bmi2, adx, sha, fma, vzeroupper, clflush, clflushopt, clwb, hv, serialize, rdtscp, rdpid, fsrm, f16c, cet_ibt, cet_ss
Processor Information for processor 0
  Max Mhz: 2000, Current Mhz: 2000, Mhz Limit: 2000
Processor Information for processor 1
  Max Mhz: 2000, Current Mhz: 2000, Mhz Limit: 2000
Processor Information for processor 2
  Max Mhz: 2000, Current Mhz: 2000, Mhz Limit: 2000
Processor Information for processor 3
  Max Mhz: 2000, Current Mhz: 1520, Mhz Limit: 2000
Processor Information for processor 4
  Max Mhz: 2000, Current Mhz: 2000, Mhz Limit: 2000
Processor Information for processor 5
  Max Mhz: 2000, Current Mhz: 1520, Mhz Limit: 2000
Processor Information for processor 6
  Max Mhz: 2000, Current Mhz: 2000, Mhz Limit: 2000
Processor Information for processor 7
  Max Mhz: 2000, Current Mhz: 2000, Mhz Limit: 2000
Processor Information for processor 8
  Max Mhz: 2000, Current Mhz: 2000, Mhz Limit: 2000
Processor Information for processor 9
  Max Mhz: 2000, Current Mhz: 1466, Mhz Limit: 2000
Processor Information for processor 10
  Max Mhz: 2000, Current Mhz: 2000, Mhz Limit: 2000
Processor Information for processor 11
  Max Mhz: 2000, Current Mhz: 2000, Mhz Limit: 2000

Memory: 4k page, system-wide physical 7893M (426M free)
TotalPageFile size 23765M (AvailPageFile size 0M)
current process WorkingSet (physical memory assigned to process): 8M, peak: 915M
current process commit charge ("private bytes"): 1207M, peak: 1215M

vm_info: OpenJDK 64-Bit Server VM (21.0.8+9-LTS) for windows-amd64 JRE (21.0.8+9-LTS), built on 2025-07-15T00:00:00Z by "admin" with MS VC++ 17.7 (VS2022)

END.
